# Logfile created on Tue Jun 02 11:31:58 -0700 2009  [4;36;1mSQL (0.2ms)[0m   [0;1mSET NAMES 'utf8'[0m
  [4;35;1mSQL (0.1ms)[0m   [0mSET SQL_AUTO_IS_NULL=0[0m


Processing ListenersController#index (for 127.0.0.1 at 2009-06-02 11:33:08) [GET]
  [4;36;1mListener Load (0.6ms)[0m   [0;1mSELECT * FROM `listeners` [0m
Rendering template within layouts/listeners
Rendering listeners/index
  [4;35;1mListener Columns (1.6ms)[0m   [0mSHOW FIELDS FROM `listeners`[0m
Completed in 214ms (View: 61, DB: 3) | 200 OK [http://localhost/listeners]
  [4;36;1mSQL (0.2ms)[0m   [0;1mSET NAMES 'utf8'[0m
  [4;35;1mSQL (0.1ms)[0m   [0mSET SQL_AUTO_IS_NULL=0[0m


Processing ListenersController#new (for 127.0.0.1 at 2009-06-02 11:33:17) [GET]
  [4;36;1mListener Columns (1.7ms)[0m   [0;1mSHOW FIELDS FROM `listeners`[0m
Rendering template within layouts/listeners
Rendering listeners/new
Completed in 55ms (View: 22, DB: 2) | 200 OK [http://localhost/listeners/new]
  [4;35;1mSQL (0.1ms)[0m   [0mSET NAMES 'utf8'[0m
  [4;36;1mSQL (0.2ms)[0m   [0;1mSET SQL_AUTO_IS_NULL=0[0m


Processing ListenersController#create (for 127.0.0.1 at 2009-06-02 11:33:25) [POST]
  Parameters: {"commit"=>"Create", "listener"=>{"subscriber_url"=>"f", "action_url"=>"g"}, "authenticity_token"=>"lAOuU9UtdD6YVkm1CQaisI2HrLb3eqa1lcw88I2R4rc="}
  [4;35;1mListener Columns (1.7ms)[0m   [0mSHOW FIELDS FROM `listeners`[0m
  [4;36;1mSQL (0.2ms)[0m   [0;1mBEGIN[0m
  [4;35;1mListener Create (0.5ms)[0m   [0mINSERT INTO `listeners` (`created_at`, `updated_at`, `subscriber_url`, `status`, `user`, `password`, `action_url`) VALUES('2009-06-02 18:33:25', '2009-06-02 18:33:25', 'f', NULL, NULL, NULL, 'g')[0m
  [4;36;1mSQL (8.3ms)[0m   [0;1mCOMMIT[0m
Redirected to http://localhost:3000/listeners/5
Completed in 90ms (DB: 11) | 302 Found [http://localhost/listeners]
  [4;35;1mSQL (0.1ms)[0m   [0mSET NAMES 'utf8'[0m
  [4;36;1mSQL (0.1ms)[0m   [0;1mSET SQL_AUTO_IS_NULL=0[0m


Processing ListenersController#show (for 127.0.0.1 at 2009-06-02 11:33:25) [GET]
  Parameters: {"id"=>"5"}
  [4;35;1mListener Columns (1.7ms)[0m   [0mSHOW FIELDS FROM `listeners`[0m
  [4;36;1mListener Load (0.5ms)[0m   [0;1mSELECT * FROM `listeners` WHERE (`listeners`.`id` = 5) [0m
Rendering template within layouts/listeners
Rendering listeners/show
Completed in 54ms (View: 19, DB: 3) | 200 OK [http://localhost/listeners/5]
  [4;35;1mSQL (0.2ms)[0m   [0mSET NAMES 'utf8'[0m
  [4;36;1mSQL (0.3ms)[0m   [0;1mSET SQL_AUTO_IS_NULL=0[0m


Processing ListenersController#index (for 127.0.0.1 at 2009-06-02 11:33:55) [GET]
  [4;35;1mListener Load (0.6ms)[0m   [0mSELECT * FROM `listeners` [0m
Rendering template within layouts/listeners
Rendering listeners/index
  [4;36;1mListener Columns (1.7ms)[0m   [0;1mSHOW FIELDS FROM `listeners`[0m
Completed in 66ms (View: 32, DB: 3) | 200 OK [http://localhost/listeners]
  [4;35;1mSQL (0.2ms)[0m   [0mSET NAMES 'utf8'[0m
  [4;36;1mSQL (0.1ms)[0m   [0;1mSET SQL_AUTO_IS_NULL=0[0m


Processing DaemonController#start (for 127.0.0.1 at 2009-06-02 11:33:59) [POST]
  Parameters: {"authenticity_token"=>"lAOuU9UtdD6YVkm1CQaisI2HrLb3eqa1lcw88I2R4rc=", "id"=>"1"}
  [4;35;1mListener Columns (1.7ms)[0m   [0mSHOW FIELDS FROM `listeners`[0m
  [4;36;1mListener Load (0.6ms)[0m   [0;1mSELECT * FROM `listeners` WHERE (`listeners`.`id` = 1) [0m
  [4;35;1mUser Columns (1.5ms)[0m   [0mSHOW FIELDS FROM `users`[0m
  [4;36;1mUser Load (0.6ms)[0m   [0;1mSELECT * FROM `users` WHERE (`users`.`name` = 'listener_daemon_1') LIMIT 1[0m
  [4;35;1mUser Delete all (6.4ms)[0m   [0mDELETE FROM `users` WHERE (`id` IN (2)) [0m

NameError (uninitialized constant Listener::PasswordGenerator):
  /home/kenb/ruby/gems/gems/activesupport-2.3.2/lib/active_support/dependencies.rb:105:in `const_missing'
  app/models/listener.rb:28:in `start_daemon'
  app/controllers/daemon_controller.rb:5:in `start'
  /home/kenb/ruby/gems/gems/actionpack-2.3.2/lib/action_controller/base.rb:1322:in `send'
  /home/kenb/ruby/gems/gems/actionpack-2.3.2/lib/action_controller/base.rb:1322:in `perform_action_without_filters'
  /home/kenb/ruby/gems/gems/actionpack-2.3.2/lib/action_controller/filters.rb:617:in `call_filters'
  /home/kenb/ruby/gems/gems/actionpack-2.3.2/lib/action_controller/filters.rb:610:in `perform_action_without_benchmark'
  /home/kenb/ruby/gems/gems/actionpack-2.3.2/lib/action_controller/benchmarking.rb:68:in `perform_action_without_rescue'
  /home/kenb/ruby/gems/gems/actionpack-2.3.2/lib/action_controller/benchmarking.rb:68:in `perform_action_without_rescue'
  /home/kenb/ruby/gems/gems/actionpack-2.3.2/lib/action_controller/rescue.rb:160:in `perform_action_without_flash'
  /home/kenb/ruby/gems/gems/actionpack-2.3.2/lib/action_controller/flash.rb:141:in `perform_action'
  /home/kenb/ruby/gems/gems/actionpack-2.3.2/lib/action_controller/base.rb:523:in `send'
  /home/kenb/ruby/gems/gems/actionpack-2.3.2/lib/action_controller/base.rb:523:in `process_without_filters'
  /home/kenb/ruby/gems/gems/actionpack-2.3.2/lib/action_controller/filters.rb:606:in `process'
  /home/kenb/ruby/gems/gems/actionpack-2.3.2/lib/action_controller/base.rb:391:in `process'
  /home/kenb/ruby/gems/gems/actionpack-2.3.2/lib/action_controller/base.rb:386:in `call'
  /home/kenb/ruby/gems/gems/actionpack-2.3.2/lib/action_controller/routing/route_set.rb:433:in `call'
  /home/kenb/ruby/gems/gems/actionpack-2.3.2/lib/action_controller/dispatcher.rb:88:in `dispatch'
  /home/kenb/ruby/gems/gems/actionpack-2.3.2/lib/action_controller/dispatcher.rb:111:in `_call'
  /home/kenb/ruby/gems/gems/actionpack-2.3.2/lib/action_controller/dispatcher.rb:82:in `initialize'
  /home/kenb/ruby/gems/gems/activerecord-2.3.2/lib/active_record/query_cache.rb:29:in `call'
  /home/kenb/ruby/gems/gems/activerecord-2.3.2/lib/active_record/query_cache.rb:29:in `call'
  /home/kenb/ruby/gems/gems/activerecord-2.3.2/lib/active_record/connection_adapters/abstract/query_cache.rb:34:in `cache'
  /home/kenb/ruby/gems/gems/activerecord-2.3.2/lib/active_record/query_cache.rb:9:in `cache'
  /home/kenb/ruby/gems/gems/activerecord-2.3.2/lib/active_record/query_cache.rb:28:in `call'
  /home/kenb/ruby/gems/gems/activerecord-2.3.2/lib/active_record/connection_adapters/abstract/connection_pool.rb:361:in `call'
  /home/kenb/ruby/gems/gems/actionpack-2.3.2/lib/action_controller/params_parser.rb:15:in `call'
  /home/kenb/ruby/gems/gems/actionpack-2.3.2/lib/action_controller/rewindable_input.rb:25:in `call'
  /home/kenb/ruby/gems/gems/actionpack-2.3.2/lib/action_controller/session/cookie_store.rb:93:in `call'
  /home/kenb/ruby/gems/gems/actionpack-2.3.2/lib/action_controller/reloader.rb:9:in `call'
  /home/kenb/ruby/gems/gems/actionpack-2.3.2/lib/action_controller/failsafe.rb:11:in `call'
  /home/kenb/ruby/gems/gems/actionpack-2.3.2/lib/action_controller/dispatcher.rb:106:in `call'
  /home/kenb/ruby/gems/gems/rails-2.3.2/lib/rails/rack/static.rb:31:in `call'
  /home/kenb/ruby/gems/gems/rails-2.3.2/lib/rails/rack/debugger.rb:17:in `call'
  /home/kenb/ruby/gems/gems/rails-2.3.2/lib/rails/rack/log_tailer.rb:17:in `call'
  /home/kenb/ruby/gems/gems/rails-2.3.2/lib/commands/server.rb:111

Rendered rescues/_trace (142.0ms)
Rendered rescues/_request_and_response (5.0ms)
Rendering rescues/layout (internal_server_error)
  [4;36;1mSQL (0.2ms)[0m   [0;1mSET NAMES 'utf8'[0m
  [4;35;1mSQL (0.2ms)[0m   [0mSET SQL_AUTO_IS_NULL=0[0m


Processing DaemonController#start (for 127.0.0.1 at 2009-06-02 11:34:20) [POST]
  Parameters: {"authenticity_token"=>"lAOuU9UtdD6YVkm1CQaisI2HrLb3eqa1lcw88I2R4rc=", "id"=>"2"}
  [4;36;1mListener Columns (1.7ms)[0m   [0;1mSHOW FIELDS FROM `listeners`[0m
  [4;35;1mListener Load (0.6ms)[0m   [0mSELECT * FROM `listeners` WHERE (`listeners`.`id` = 2) [0m
  [4;36;1mUser Columns (1.5ms)[0m   [0;1mSHOW FIELDS FROM `users`[0m
  [4;35;1mUser Load (0.6ms)[0m   [0mSELECT * FROM `users` WHERE (`users`.`name` = 'listener_daemon_2') LIMIT 1[0m
  [4;36;1mUser Delete all (2.5ms)[0m   [0;1mDELETE FROM `users` WHERE (`id` IN (1)) [0m

NameError (uninitialized constant Listener::PasswordGenerator):
  /home/kenb/ruby/gems/gems/activesupport-2.3.2/lib/active_support/dependencies.rb:105:in `const_missing'
  app/models/listener.rb:28:in `start_daemon'
  app/controllers/daemon_controller.rb:5:in `start'
  /home/kenb/ruby/gems/gems/actionpack-2.3.2/lib/action_controller/base.rb:1322:in `send'
  /home/kenb/ruby/gems/gems/actionpack-2.3.2/lib/action_controller/base.rb:1322:in `perform_action_without_filters'
  /home/kenb/ruby/gems/gems/actionpack-2.3.2/lib/action_controller/filters.rb:617:in `call_filters'
  /home/kenb/ruby/gems/gems/actionpack-2.3.2/lib/action_controller/filters.rb:610:in `perform_action_without_benchmark'
  /home/kenb/ruby/gems/gems/actionpack-2.3.2/lib/action_controller/benchmarking.rb:68:in `perform_action_without_rescue'
  /home/kenb/ruby/gems/gems/actionpack-2.3.2/lib/action_controller/benchmarking.rb:68:in `perform_action_without_rescue'
  /home/kenb/ruby/gems/gems/actionpack-2.3.2/lib/action_controller/rescue.rb:160:in `perform_action_without_flash'
  /home/kenb/ruby/gems/gems/actionpack-2.3.2/lib/action_controller/flash.rb:141:in `perform_action'
  /home/kenb/ruby/gems/gems/actionpack-2.3.2/lib/action_controller/base.rb:523:in `send'
  /home/kenb/ruby/gems/gems/actionpack-2.3.2/lib/action_controller/base.rb:523:in `process_without_filters'
  /home/kenb/ruby/gems/gems/actionpack-2.3.2/lib/action_controller/filters.rb:606:in `process'
  /home/kenb/ruby/gems/gems/actionpack-2.3.2/lib/action_controller/base.rb:391:in `process'
  /home/kenb/ruby/gems/gems/actionpack-2.3.2/lib/action_controller/base.rb:386:in `call'
  /home/kenb/ruby/gems/gems/actionpack-2.3.2/lib/action_controller/routing/route_set.rb:433:in `call'
  /home/kenb/ruby/gems/gems/actionpack-2.3.2/lib/action_controller/dispatcher.rb:88:in `dispatch'
  /home/kenb/ruby/gems/gems/actionpack-2.3.2/lib/action_controller/dispatcher.rb:111:in `_call'
  /home/kenb/ruby/gems/gems/actionpack-2.3.2/lib/action_controller/dispatcher.rb:82:in `initialize'
  /home/kenb/ruby/gems/gems/activerecord-2.3.2/lib/active_record/query_cache.rb:29:in `call'
  /home/kenb/ruby/gems/gems/activerecord-2.3.2/lib/active_record/query_cache.rb:29:in `call'
  /home/kenb/ruby/gems/gems/activerecord-2.3.2/lib/active_record/connection_adapters/abstract/query_cache.rb:34:in `cache'
  /home/kenb/ruby/gems/gems/activerecord-2.3.2/lib/active_record/query_cache.rb:9:in `cache'
  /home/kenb/ruby/gems/gems/activerecord-2.3.2/lib/active_record/query_cache.rb:28:in `call'
  /home/kenb/ruby/gems/gems/activerecord-2.3.2/lib/active_record/connection_adapters/abstract/connection_pool.rb:361:in `call'
  /home/kenb/ruby/gems/gems/actionpack-2.3.2/lib/action_controller/params_parser.rb:15:in `call'
  /home/kenb/ruby/gems/gems/actionpack-2.3.2/lib/action_controller/rewindable_input.rb:25:in `call'
  /home/kenb/ruby/gems/gems/actionpack-2.3.2/lib/action_controller/session/cookie_store.rb:93:in `call'
  /home/kenb/ruby/gems/gems/actionpack-2.3.2/lib/action_controller/reloader.rb:9:in `call'
  /home/kenb/ruby/gems/gems/actionpack-2.3.2/lib/action_controller/failsafe.rb:11:in `call'
  /home/kenb/ruby/gems/gems/actionpack-2.3.2/lib/action_controller/dispatcher.rb:106:in `call'
  /home/kenb/ruby/gems/gems/rails-2.3.2/lib/rails/rack/static.rb:31:in `call'
  /home/kenb/ruby/gems/gems/rails-2.3.2/lib/rails/rack/debugger.rb:17:in `call'
  /home/kenb/ruby/gems/gems/rails-2.3.2/lib/rails/rack/log_tailer.rb:17:in `call'
  /home/kenb/ruby/gems/gems/rails-2.3.2/lib/commands/server.rb:111

Rendered rescues/_trace (137.1ms)
Rendered rescues/_request_and_response (1.0ms)
Rendering rescues/layout (internal_server_error)
  [4;35;1mSQL (0.1ms)[0m   [0mSET NAMES 'utf8'[0m
  [4;36;1mSQL (0.2ms)[0m   [0;1mSET SQL_AUTO_IS_NULL=0[0m


Processing DaemonController#start (for 127.0.0.1 at 2009-06-02 11:34:24) [POST]
  Parameters: {"authenticity_token"=>"lAOuU9UtdD6YVkm1CQaisI2HrLb3eqa1lcw88I2R4rc=", "id"=>"3"}
  [4;35;1mListener Columns (1.7ms)[0m   [0mSHOW FIELDS FROM `listeners`[0m
  [4;36;1mListener Load (0.6ms)[0m   [0;1mSELECT * FROM `listeners` WHERE (`listeners`.`id` = 3) [0m
  [4;35;1mUser Columns (1.5ms)[0m   [0mSHOW FIELDS FROM `users`[0m
  [4;36;1mUser Load (0.6ms)[0m   [0;1mSELECT * FROM `users` WHERE (`users`.`name` = 'listener_daemon_3') LIMIT 1[0m

NameError (uninitialized constant Listener::PasswordGenerator):
  /home/kenb/ruby/gems/gems/activesupport-2.3.2/lib/active_support/dependencies.rb:105:in `const_missing'
  app/models/listener.rb:28:in `start_daemon'
  app/controllers/daemon_controller.rb:5:in `start'
  /home/kenb/ruby/gems/gems/actionpack-2.3.2/lib/action_controller/base.rb:1322:in `send'
  /home/kenb/ruby/gems/gems/actionpack-2.3.2/lib/action_controller/base.rb:1322:in `perform_action_without_filters'
  /home/kenb/ruby/gems/gems/actionpack-2.3.2/lib/action_controller/filters.rb:617:in `call_filters'
  /home/kenb/ruby/gems/gems/actionpack-2.3.2/lib/action_controller/filters.rb:610:in `perform_action_without_benchmark'
  /home/kenb/ruby/gems/gems/actionpack-2.3.2/lib/action_controller/benchmarking.rb:68:in `perform_action_without_rescue'
  /home/kenb/ruby/gems/gems/actionpack-2.3.2/lib/action_controller/benchmarking.rb:68:in `perform_action_without_rescue'
  /home/kenb/ruby/gems/gems/actionpack-2.3.2/lib/action_controller/rescue.rb:160:in `perform_action_without_flash'
  /home/kenb/ruby/gems/gems/actionpack-2.3.2/lib/action_controller/flash.rb:141:in `perform_action'
  /home/kenb/ruby/gems/gems/actionpack-2.3.2/lib/action_controller/base.rb:523:in `send'
  /home/kenb/ruby/gems/gems/actionpack-2.3.2/lib/action_controller/base.rb:523:in `process_without_filters'
  /home/kenb/ruby/gems/gems/actionpack-2.3.2/lib/action_controller/filters.rb:606:in `process'
  /home/kenb/ruby/gems/gems/actionpack-2.3.2/lib/action_controller/base.rb:391:in `process'
  /home/kenb/ruby/gems/gems/actionpack-2.3.2/lib/action_controller/base.rb:386:in `call'
  /home/kenb/ruby/gems/gems/actionpack-2.3.2/lib/action_controller/routing/route_set.rb:433:in `call'
  /home/kenb/ruby/gems/gems/actionpack-2.3.2/lib/action_controller/dispatcher.rb:88:in `dispatch'
  /home/kenb/ruby/gems/gems/actionpack-2.3.2/lib/action_controller/dispatcher.rb:111:in `_call'
  /home/kenb/ruby/gems/gems/actionpack-2.3.2/lib/action_controller/dispatcher.rb:82:in `initialize'
  /home/kenb/ruby/gems/gems/activerecord-2.3.2/lib/active_record/query_cache.rb:29:in `call'
  /home/kenb/ruby/gems/gems/activerecord-2.3.2/lib/active_record/query_cache.rb:29:in `call'
  /home/kenb/ruby/gems/gems/activerecord-2.3.2/lib/active_record/connection_adapters/abstract/query_cache.rb:34:in `cache'
  /home/kenb/ruby/gems/gems/activerecord-2.3.2/lib/active_record/query_cache.rb:9:in `cache'
  /home/kenb/ruby/gems/gems/activerecord-2.3.2/lib/active_record/query_cache.rb:28:in `call'
  /home/kenb/ruby/gems/gems/activerecord-2.3.2/lib/active_record/connection_adapters/abstract/connection_pool.rb:361:in `call'
  /home/kenb/ruby/gems/gems/actionpack-2.3.2/lib/action_controller/params_parser.rb:15:in `call'
  /home/kenb/ruby/gems/gems/actionpack-2.3.2/lib/action_controller/rewindable_input.rb:25:in `call'
  /home/kenb/ruby/gems/gems/actionpack-2.3.2/lib/action_controller/session/cookie_store.rb:93:in `call'
  /home/kenb/ruby/gems/gems/actionpack-2.3.2/lib/action_controller/reloader.rb:9:in `call'
  /home/kenb/ruby/gems/gems/actionpack-2.3.2/lib/action_controller/failsafe.rb:11:in `call'
  /home/kenb/ruby/gems/gems/actionpack-2.3.2/lib/action_controller/dispatcher.rb:106:in `call'
  /home/kenb/ruby/gems/gems/rails-2.3.2/lib/rails/rack/static.rb:31:in `call'
  /home/kenb/ruby/gems/gems/rails-2.3.2/lib/rails/rack/debugger.rb:17:in `call'
  /home/kenb/ruby/gems/gems/rails-2.3.2/lib/rails/rack/log_tailer.rb:17:in `call'
  /home/kenb/ruby/gems/gems/rails-2.3.2/lib/commands/server.rb:111

Rendered rescues/_trace (135.4ms)
Rendered rescues/_request_and_response (1.0ms)
Rendering rescues/layout (internal_server_error)
  [4;35;1mSQL (0.2ms)[0m   [0mSET NAMES 'utf8'[0m
  [4;36;1mSQL (1.9ms)[0m   [0;1mSET SQL_AUTO_IS_NULL=0[0m


Processing DaemonController#start (for 127.0.0.1 at 2009-06-02 11:34:27) [POST]
  Parameters: {"authenticity_token"=>"lAOuU9UtdD6YVkm1CQaisI2HrLb3eqa1lcw88I2R4rc=", "id"=>"4"}
  [4;35;1mListener Columns (1.8ms)[0m   [0mSHOW FIELDS FROM `listeners`[0m
  [4;36;1mListener Load (0.7ms)[0m   [0;1mSELECT * FROM `listeners` WHERE (`listeners`.`id` = 4) [0m
  [4;35;1mUser Columns (1.5ms)[0m   [0mSHOW FIELDS FROM `users`[0m
  [4;36;1mUser Load (0.6ms)[0m   [0;1mSELECT * FROM `users` WHERE (`users`.`name` = 'listener_daemon_4') LIMIT 1[0m

NameError (uninitialized constant Listener::PasswordGenerator):
  /home/kenb/ruby/gems/gems/activesupport-2.3.2/lib/active_support/dependencies.rb:105:in `const_missing'
  app/models/listener.rb:28:in `start_daemon'
  app/controllers/daemon_controller.rb:5:in `start'
  /home/kenb/ruby/gems/gems/actionpack-2.3.2/lib/action_controller/base.rb:1322:in `send'
  /home/kenb/ruby/gems/gems/actionpack-2.3.2/lib/action_controller/base.rb:1322:in `perform_action_without_filters'
  /home/kenb/ruby/gems/gems/actionpack-2.3.2/lib/action_controller/filters.rb:617:in `call_filters'
  /home/kenb/ruby/gems/gems/actionpack-2.3.2/lib/action_controller/filters.rb:610:in `perform_action_without_benchmark'
  /home/kenb/ruby/gems/gems/actionpack-2.3.2/lib/action_controller/benchmarking.rb:68:in `perform_action_without_rescue'
  /home/kenb/ruby/gems/gems/actionpack-2.3.2/lib/action_controller/benchmarking.rb:68:in `perform_action_without_rescue'
  /home/kenb/ruby/gems/gems/actionpack-2.3.2/lib/action_controller/rescue.rb:160:in `perform_action_without_flash'
  /home/kenb/ruby/gems/gems/actionpack-2.3.2/lib/action_controller/flash.rb:141:in `perform_action'
  /home/kenb/ruby/gems/gems/actionpack-2.3.2/lib/action_controller/base.rb:523:in `send'
  /home/kenb/ruby/gems/gems/actionpack-2.3.2/lib/action_controller/base.rb:523:in `process_without_filters'
  /home/kenb/ruby/gems/gems/actionpack-2.3.2/lib/action_controller/filters.rb:606:in `process'
  /home/kenb/ruby/gems/gems/actionpack-2.3.2/lib/action_controller/base.rb:391:in `process'
  /home/kenb/ruby/gems/gems/actionpack-2.3.2/lib/action_controller/base.rb:386:in `call'
  /home/kenb/ruby/gems/gems/actionpack-2.3.2/lib/action_controller/routing/route_set.rb:433:in `call'
  /home/kenb/ruby/gems/gems/actionpack-2.3.2/lib/action_controller/dispatcher.rb:88:in `dispatch'
  /home/kenb/ruby/gems/gems/actionpack-2.3.2/lib/action_controller/dispatcher.rb:111:in `_call'
  /home/kenb/ruby/gems/gems/actionpack-2.3.2/lib/action_controller/dispatcher.rb:82:in `initialize'
  /home/kenb/ruby/gems/gems/activerecord-2.3.2/lib/active_record/query_cache.rb:29:in `call'
  /home/kenb/ruby/gems/gems/activerecord-2.3.2/lib/active_record/query_cache.rb:29:in `call'
  /home/kenb/ruby/gems/gems/activerecord-2.3.2/lib/active_record/connection_adapters/abstract/query_cache.rb:34:in `cache'
  /home/kenb/ruby/gems/gems/activerecord-2.3.2/lib/active_record/query_cache.rb:9:in `cache'
  /home/kenb/ruby/gems/gems/activerecord-2.3.2/lib/active_record/query_cache.rb:28:in `call'
  /home/kenb/ruby/gems/gems/activerecord-2.3.2/lib/active_record/connection_adapters/abstract/connection_pool.rb:361:in `call'
  /home/kenb/ruby/gems/gems/actionpack-2.3.2/lib/action_controller/params_parser.rb:15:in `call'
  /home/kenb/ruby/gems/gems/actionpack-2.3.2/lib/action_controller/rewindable_input.rb:25:in `call'
  /home/kenb/ruby/gems/gems/actionpack-2.3.2/lib/action_controller/session/cookie_store.rb:93:in `call'
  /home/kenb/ruby/gems/gems/actionpack-2.3.2/lib/action_controller/reloader.rb:9:in `call'
  /home/kenb/ruby/gems/gems/actionpack-2.3.2/lib/action_controller/failsafe.rb:11:in `call'
  /home/kenb/ruby/gems/gems/actionpack-2.3.2/lib/action_controller/dispatcher.rb:106:in `call'
  /home/kenb/ruby/gems/gems/rails-2.3.2/lib/rails/rack/static.rb:31:in `call'
  /home/kenb/ruby/gems/gems/rails-2.3.2/lib/rails/rack/debugger.rb:17:in `call'
  /home/kenb/ruby/gems/gems/rails-2.3.2/lib/rails/rack/log_tailer.rb:17:in `call'
  /home/kenb/ruby/gems/gems/rails-2.3.2/lib/commands/server.rb:111

Rendered rescues/_trace (139.6ms)
Rendered rescues/_request_and_response (1.0ms)
Rendering rescues/layout (internal_server_error)
  [4;35;1mSQL (0.2ms)[0m   [0mSET NAMES 'utf8'[0m
  [4;36;1mSQL (0.3ms)[0m   [0;1mSET SQL_AUTO_IS_NULL=0[0m


Processing DaemonController#start (for 127.0.0.1 at 2009-06-02 11:34:30) [POST]
  Parameters: {"authenticity_token"=>"lAOuU9UtdD6YVkm1CQaisI2HrLb3eqa1lcw88I2R4rc=", "id"=>"5"}
  [4;35;1mListener Columns (1.7ms)[0m   [0mSHOW FIELDS FROM `listeners`[0m
  [4;36;1mListener Load (0.6ms)[0m   [0;1mSELECT * FROM `listeners` WHERE (`listeners`.`id` = 5) [0m
  [4;35;1mUser Columns (1.5ms)[0m   [0mSHOW FIELDS FROM `users`[0m
  [4;36;1mUser Load (0.6ms)[0m   [0;1mSELECT * FROM `users` WHERE (`users`.`name` = 'listener_daemon_5') LIMIT 1[0m

NameError (uninitialized constant Listener::PasswordGenerator):
  /home/kenb/ruby/gems/gems/activesupport-2.3.2/lib/active_support/dependencies.rb:105:in `const_missing'
  app/models/listener.rb:28:in `start_daemon'
  app/controllers/daemon_controller.rb:5:in `start'
  /home/kenb/ruby/gems/gems/actionpack-2.3.2/lib/action_controller/base.rb:1322:in `send'
  /home/kenb/ruby/gems/gems/actionpack-2.3.2/lib/action_controller/base.rb:1322:in `perform_action_without_filters'
  /home/kenb/ruby/gems/gems/actionpack-2.3.2/lib/action_controller/filters.rb:617:in `call_filters'
  /home/kenb/ruby/gems/gems/actionpack-2.3.2/lib/action_controller/filters.rb:610:in `perform_action_without_benchmark'
  /home/kenb/ruby/gems/gems/actionpack-2.3.2/lib/action_controller/benchmarking.rb:68:in `perform_action_without_rescue'
  /home/kenb/ruby/gems/gems/actionpack-2.3.2/lib/action_controller/benchmarking.rb:68:in `perform_action_without_rescue'
  /home/kenb/ruby/gems/gems/actionpack-2.3.2/lib/action_controller/rescue.rb:160:in `perform_action_without_flash'
  /home/kenb/ruby/gems/gems/actionpack-2.3.2/lib/action_controller/flash.rb:141:in `perform_action'
  /home/kenb/ruby/gems/gems/actionpack-2.3.2/lib/action_controller/base.rb:523:in `send'
  /home/kenb/ruby/gems/gems/actionpack-2.3.2/lib/action_controller/base.rb:523:in `process_without_filters'
  /home/kenb/ruby/gems/gems/actionpack-2.3.2/lib/action_controller/filters.rb:606:in `process'
  /home/kenb/ruby/gems/gems/actionpack-2.3.2/lib/action_controller/base.rb:391:in `process'
  /home/kenb/ruby/gems/gems/actionpack-2.3.2/lib/action_controller/base.rb:386:in `call'
  /home/kenb/ruby/gems/gems/actionpack-2.3.2/lib/action_controller/routing/route_set.rb:433:in `call'
  /home/kenb/ruby/gems/gems/actionpack-2.3.2/lib/action_controller/dispatcher.rb:88:in `dispatch'
  /home/kenb/ruby/gems/gems/actionpack-2.3.2/lib/action_controller/dispatcher.rb:111:in `_call'
  /home/kenb/ruby/gems/gems/actionpack-2.3.2/lib/action_controller/dispatcher.rb:82:in `initialize'
  /home/kenb/ruby/gems/gems/activerecord-2.3.2/lib/active_record/query_cache.rb:29:in `call'
  /home/kenb/ruby/gems/gems/activerecord-2.3.2/lib/active_record/query_cache.rb:29:in `call'
  /home/kenb/ruby/gems/gems/activerecord-2.3.2/lib/active_record/connection_adapters/abstract/query_cache.rb:34:in `cache'
  /home/kenb/ruby/gems/gems/activerecord-2.3.2/lib/active_record/query_cache.rb:9:in `cache'
  /home/kenb/ruby/gems/gems/activerecord-2.3.2/lib/active_record/query_cache.rb:28:in `call'
  /home/kenb/ruby/gems/gems/activerecord-2.3.2/lib/active_record/connection_adapters/abstract/connection_pool.rb:361:in `call'
  /home/kenb/ruby/gems/gems/actionpack-2.3.2/lib/action_controller/params_parser.rb:15:in `call'
  /home/kenb/ruby/gems/gems/actionpack-2.3.2/lib/action_controller/rewindable_input.rb:25:in `call'
  /home/kenb/ruby/gems/gems/actionpack-2.3.2/lib/action_controller/session/cookie_store.rb:93:in `call'
  /home/kenb/ruby/gems/gems/actionpack-2.3.2/lib/action_controller/reloader.rb:9:in `call'
  /home/kenb/ruby/gems/gems/actionpack-2.3.2/lib/action_controller/failsafe.rb:11:in `call'
  /home/kenb/ruby/gems/gems/actionpack-2.3.2/lib/action_controller/dispatcher.rb:106:in `call'
  /home/kenb/ruby/gems/gems/rails-2.3.2/lib/rails/rack/static.rb:31:in `call'
  /home/kenb/ruby/gems/gems/rails-2.3.2/lib/rails/rack/debugger.rb:17:in `call'
  /home/kenb/ruby/gems/gems/rails-2.3.2/lib/rails/rack/log_tailer.rb:17:in `call'
  /home/kenb/ruby/gems/gems/rails-2.3.2/lib/commands/server.rb:111

Rendered rescues/_trace (280.5ms)
Rendered rescues/_request_and_response (1.0ms)
Rendering rescues/layout (internal_server_error)
  [4;36;1mSQL (0.2ms)[0m   [0;1mSET NAMES 'utf8'[0m
  [4;35;1mSQL (0.1ms)[0m   [0mSET SQL_AUTO_IS_NULL=0[0m


Processing ListenersController#index (for 127.0.0.1 at 2009-06-02 11:36:38) [GET]
  [4;36;1mListener Load (0.3ms)[0m   [0;1mSELECT * FROM `listeners` [0m
Rendering template within layouts/listeners
Rendering listeners/index
  [4;35;1mListener Columns (1.6ms)[0m   [0mSHOW FIELDS FROM `listeners`[0m
Completed in 307ms (View: 63, DB: 2) | 200 OK [http://localhost/listeners]
  [4;36;1mSQL (0.1ms)[0m   [0;1mSET NAMES 'utf8'[0m
  [4;35;1mSQL (0.3ms)[0m   [0mSET SQL_AUTO_IS_NULL=0[0m


Processing ListenersController#destroy (for 127.0.0.1 at 2009-06-02 11:36:49) [DELETE]
  Parameters: {"authenticity_token"=>"lAOuU9UtdD6YVkm1CQaisI2HrLb3eqa1lcw88I2R4rc=", "id"=>"5"}
  [4;36;1mListener Columns (1.7ms)[0m   [0;1mSHOW FIELDS FROM `listeners`[0m
  [4;35;1mListener Load (0.3ms)[0m   [0mSELECT * FROM `listeners` WHERE (`listeners`.`id` = 5) [0m
  [4;36;1mSQL (0.1ms)[0m   [0;1mBEGIN[0m
  [4;35;1mListener Destroy (0.6ms)[0m   [0mDELETE FROM `listeners` WHERE `id` = 5[0m
  [4;36;1mSQL (3.8ms)[0m   [0;1mCOMMIT[0m
Redirected to http://localhost:3000/listeners
Completed in 78ms (DB: 7) | 302 Found [http://localhost/listeners/5]
  [4;35;1mSQL (0.2ms)[0m   [0mSET NAMES 'utf8'[0m
  [4;36;1mSQL (0.1ms)[0m   [0;1mSET SQL_AUTO_IS_NULL=0[0m


Processing ListenersController#index (for 127.0.0.1 at 2009-06-02 11:36:49) [GET]
  [4;35;1mListener Load (0.6ms)[0m   [0mSELECT * FROM `listeners` [0m
Rendering template within layouts/listeners
Rendering listeners/index
  [4;36;1mListener Columns (1.7ms)[0m   [0;1mSHOW FIELDS FROM `listeners`[0m
Completed in 66ms (View: 28, DB: 3) | 200 OK [http://localhost/listeners]
  [4;35;1mSQL (0.1ms)[0m   [0mSET NAMES 'utf8'[0m
  [4;36;1mSQL (0.3ms)[0m   [0;1mSET SQL_AUTO_IS_NULL=0[0m


Processing ListenersController#destroy (for 127.0.0.1 at 2009-06-02 11:36:51) [DELETE]
  Parameters: {"authenticity_token"=>"lAOuU9UtdD6YVkm1CQaisI2HrLb3eqa1lcw88I2R4rc=", "id"=>"4"}
  [4;35;1mListener Columns (18.9ms)[0m   [0mSHOW FIELDS FROM `listeners`[0m
  [4;36;1mListener Load (0.6ms)[0m   [0;1mSELECT * FROM `listeners` WHERE (`listeners`.`id` = 4) [0m
  [4;35;1mSQL (0.1ms)[0m   [0mBEGIN[0m
  [4;36;1mListener Destroy (0.5ms)[0m   [0;1mDELETE FROM `listeners` WHERE `id` = 4[0m
  [4;35;1mSQL (2.8ms)[0m   [0mCOMMIT[0m
Redirected to http://localhost:3000/listeners
Completed in 182ms (DB: 23) | 302 Found [http://localhost/listeners/4]
  [4;36;1mSQL (0.1ms)[0m   [0;1mSET NAMES 'utf8'[0m
  [4;35;1mSQL (0.1ms)[0m   [0mSET SQL_AUTO_IS_NULL=0[0m


Processing ListenersController#index (for 127.0.0.1 at 2009-06-02 11:36:52) [GET]
  [4;36;1mListener Load (0.5ms)[0m   [0;1mSELECT * FROM `listeners` [0m
Rendering template within layouts/listeners
Rendering listeners/index
  [4;35;1mListener Columns (1.6ms)[0m   [0mSHOW FIELDS FROM `listeners`[0m
Completed in 62ms (View: 24, DB: 2) | 200 OK [http://localhost/listeners]
  [4;36;1mSQL (0.1ms)[0m   [0;1mSET NAMES 'utf8'[0m
  [4;35;1mSQL (0.1ms)[0m   [0mSET SQL_AUTO_IS_NULL=0[0m


Processing ListenersController#destroy (for 127.0.0.1 at 2009-06-02 11:36:54) [DELETE]
  Parameters: {"authenticity_token"=>"lAOuU9UtdD6YVkm1CQaisI2HrLb3eqa1lcw88I2R4rc=", "id"=>"3"}
  [4;36;1mListener Columns (1.7ms)[0m   [0;1mSHOW FIELDS FROM `listeners`[0m
  [4;35;1mListener Load (0.6ms)[0m   [0mSELECT * FROM `listeners` WHERE (`listeners`.`id` = 3) [0m
  [4;36;1mSQL (0.1ms)[0m   [0;1mBEGIN[0m
  [4;35;1mListener Destroy (0.6ms)[0m   [0mDELETE FROM `listeners` WHERE `id` = 3[0m
  [4;36;1mSQL (2.2ms)[0m   [0;1mCOMMIT[0m
Redirected to http://localhost:3000/listeners
Completed in 48ms (DB: 6) | 302 Found [http://localhost/listeners/3]
  [4;35;1mSQL (0.1ms)[0m   [0mSET NAMES 'utf8'[0m
  [4;36;1mSQL (0.1ms)[0m   [0;1mSET SQL_AUTO_IS_NULL=0[0m


Processing ListenersController#index (for 127.0.0.1 at 2009-06-02 11:36:54) [GET]
  [4;35;1mListener Load (0.5ms)[0m   [0mSELECT * FROM `listeners` [0m
Rendering template within layouts/listeners
Rendering listeners/index
  [4;36;1mListener Columns (1.6ms)[0m   [0;1mSHOW FIELDS FROM `listeners`[0m
Completed in 59ms (View: 21, DB: 2) | 200 OK [http://localhost/listeners]
  [4;35;1mSQL (0.1ms)[0m   [0mSET NAMES 'utf8'[0m
  [4;36;1mSQL (0.2ms)[0m   [0;1mSET SQL_AUTO_IS_NULL=0[0m


Processing ListenersController#new (for 127.0.0.1 at 2009-06-02 11:36:59) [GET]
  [4;35;1mListener Columns (1.6ms)[0m   [0mSHOW FIELDS FROM `listeners`[0m
Rendering template within layouts/listeners
Rendering listeners/new
Completed in 59ms (View: 22, DB: 2) | 200 OK [http://localhost/listeners/new]
  [4;36;1mSQL (0.1ms)[0m   [0;1mSET NAMES 'utf8'[0m
  [4;35;1mSQL (0.2ms)[0m   [0mSET SQL_AUTO_IS_NULL=0[0m


Processing ListenersController#create (for 127.0.0.1 at 2009-06-02 11:37:05) [POST]
  Parameters: {"commit"=>"Create", "listener"=>{"subscriber_url"=>"a", "action_url"=>"bn"}, "authenticity_token"=>"lAOuU9UtdD6YVkm1CQaisI2HrLb3eqa1lcw88I2R4rc="}
  [4;36;1mListener Columns (1.7ms)[0m   [0;1mSHOW FIELDS FROM `listeners`[0m
  [4;35;1mSQL (0.2ms)[0m   [0mBEGIN[0m
  [4;36;1mListener Create (0.5ms)[0m   [0;1mINSERT INTO `listeners` (`created_at`, `updated_at`, `subscriber_url`, `status`, `user`, `password`, `action_url`) VALUES('2009-06-02 18:37:05', '2009-06-02 18:37:05', 'a', NULL, NULL, NULL, 'bn')[0m
  [4;35;1mSQL (3.0ms)[0m   [0mCOMMIT[0m
Redirected to http://localhost:3000/listeners/6
Completed in 55ms (DB: 6) | 302 Found [http://localhost/listeners]
  [4;36;1mSQL (0.1ms)[0m   [0;1mSET NAMES 'utf8'[0m
  [4;35;1mSQL (0.1ms)[0m   [0mSET SQL_AUTO_IS_NULL=0[0m


Processing ListenersController#show (for 127.0.0.1 at 2009-06-02 11:37:05) [GET]
  Parameters: {"id"=>"6"}
  [4;36;1mListener Columns (1.7ms)[0m   [0;1mSHOW FIELDS FROM `listeners`[0m
  [4;35;1mListener Load (0.5ms)[0m   [0mSELECT * FROM `listeners` WHERE (`listeners`.`id` = 6) [0m
Rendering template within layouts/listeners
Rendering listeners/show
Completed in 57ms (View: 18, DB: 2) | 200 OK [http://localhost/listeners/6]
  [4;36;1mSQL (0.1ms)[0m   [0;1mSET NAMES 'utf8'[0m
  [4;35;1mSQL (0.3ms)[0m   [0mSET SQL_AUTO_IS_NULL=0[0m


Processing ListenersController#index (for 127.0.0.1 at 2009-06-02 11:37:09) [GET]
  [4;36;1mListener Load (0.6ms)[0m   [0;1mSELECT * FROM `listeners` [0m
Rendering template within layouts/listeners
Rendering listeners/index
  [4;35;1mListener Columns (1.7ms)[0m   [0mSHOW FIELDS FROM `listeners`[0m
Completed in 61ms (View: 24, DB: 3) | 200 OK [http://localhost/listeners]
  [4;36;1mSQL (0.1ms)[0m   [0;1mSET NAMES 'utf8'[0m
  [4;35;1mSQL (0.1ms)[0m   [0mSET SQL_AUTO_IS_NULL=0[0m


Processing ListenersController#show (for 127.0.0.1 at 2009-06-02 11:37:13) [GET]
  Parameters: {"id"=>"6"}
  [4;36;1mListener Columns (1.7ms)[0m   [0;1mSHOW FIELDS FROM `listeners`[0m
  [4;35;1mListener Load (0.2ms)[0m   [0mSELECT * FROM `listeners` WHERE (`listeners`.`id` = 6) [0m
Rendering template within layouts/listeners
Rendering listeners/show
Completed in 49ms (View: 9, DB: 2) | 200 OK [http://localhost/listeners/6]
  [4;36;1mSQL (0.1ms)[0m   [0;1mSET NAMES 'utf8'[0m
  [4;35;1mSQL (0.1ms)[0m   [0mSET SQL_AUTO_IS_NULL=0[0m


Processing ListenersController#index (for 127.0.0.1 at 2009-06-02 11:37:29) [GET]
  [4;36;1mListener Load (0.3ms)[0m   [0;1mSELECT * FROM `listeners` [0m
Rendering template within layouts/listeners
Rendering listeners/index
  [4;35;1mListener Columns (1.7ms)[0m   [0mSHOW FIELDS FROM `listeners`[0m
Completed in 61ms (View: 24, DB: 2) | 200 OK [http://localhost/listeners]
  [4;36;1mSQL (0.1ms)[0m   [0;1mSET NAMES 'utf8'[0m
  [4;35;1mSQL (0.1ms)[0m   [0mSET SQL_AUTO_IS_NULL=0[0m


Processing DaemonController#start (for 127.0.0.1 at 2009-06-02 11:37:34) [POST]
  Parameters: {"authenticity_token"=>"lAOuU9UtdD6YVkm1CQaisI2HrLb3eqa1lcw88I2R4rc=", "id"=>"1"}
  [4;36;1mListener Columns (1.7ms)[0m   [0;1mSHOW FIELDS FROM `listeners`[0m
  [4;35;1mListener Load (0.6ms)[0m   [0mSELECT * FROM `listeners` WHERE (`listeners`.`id` = 1) [0m
  [4;36;1mUser Columns (1.5ms)[0m   [0;1mSHOW FIELDS FROM `users`[0m
  [4;35;1mUser Load (0.5ms)[0m   [0mSELECT * FROM `users` WHERE (`users`.`name` = 'listener_daemon_1') LIMIT 1[0m
  [4;36;1mSQL (0.2ms)[0m   [0;1mBEGIN[0m
  [4;35;1mUser Exists (3.7ms)[0m   [0mSELECT `users`.id FROM `users` WHERE (`users`.`name` = BINARY 'listener_daemon_1') LIMIT 1[0m
  [4;36;1mUser Create (0.6ms)[0m   [0;1mINSERT INTO `users` (`name`, `salt`, `created_at`, `updated_at`, `hashed_password`) VALUES('listener_daemon_1', '-6145698980.755598729093726', '2009-06-02 18:38:11', '2009-06-02 18:38:11', 'ac4a08e0ad6d0cea0a3d0037fc07d13912f93447')[0m
  [4;35;1mSQL (4.9ms)[0m   [0mCOMMIT[0m
  [4;36;1mSQL (0.2ms)[0m   [0;1mBEGIN[0m
  [4;35;1mListener Update (0.7ms)[0m   [0mUPDATE `listeners` SET `updated_at` = '2009-06-02 18:38:11', `status` = 'running', `password` = 'omnalphooniz' WHERE `id` = 1[0m
  [4;36;1mSQL (0.6ms)[0m   [0;1mCOMMIT[0m
Redirected to http://localhost:3000/listeners
Completed in 37213ms (DB: 16) | 302 Found [http://localhost/daemon/start/1]
  [4;35;1mSQL (0.1ms)[0m   [0mSET NAMES 'utf8'[0m
  [4;36;1mSQL (0.1ms)[0m   [0;1mSET SQL_AUTO_IS_NULL=0[0m


Processing ListenersController#index (for 127.0.0.1 at 2009-06-02 11:38:12) [GET]
  [4;35;1mListener Load (0.6ms)[0m   [0mSELECT * FROM `listeners` [0m
Rendering template within layouts/listeners
Rendering listeners/index
  [4;36;1mListener Columns (1.7ms)[0m   [0;1mSHOW FIELDS FROM `listeners`[0m
Completed in 64ms (View: 25, DB: 2) | 200 OK [http://localhost/listeners]
  [4;35;1mSQL (0.1ms)[0m   [0mSET NAMES 'utf8'[0m
  [4;36;1mSQL (0.4ms)[0m   [0;1mSET SQL_AUTO_IS_NULL=0[0m


Processing DaemonController#start (for 127.0.0.1 at 2009-06-02 11:38:52) [POST]
  Parameters: {"authenticity_token"=>"lAOuU9UtdD6YVkm1CQaisI2HrLb3eqa1lcw88I2R4rc=", "id"=>"2"}
  [4;35;1mListener Columns (1.7ms)[0m   [0mSHOW FIELDS FROM `listeners`[0m
  [4;36;1mListener Load (0.6ms)[0m   [0;1mSELECT * FROM `listeners` WHERE (`listeners`.`id` = 2) [0m
  [4;35;1mUser Columns (1.5ms)[0m   [0mSHOW FIELDS FROM `users`[0m
  [4;36;1mUser Load (0.6ms)[0m   [0;1mSELECT * FROM `users` WHERE (`users`.`name` = 'listener_daemon_2') LIMIT 1[0m
  [4;35;1mSQL (0.2ms)[0m   [0mBEGIN[0m
  [4;36;1mUser Exists (0.5ms)[0m   [0;1mSELECT `users`.id FROM `users` WHERE (`users`.`name` = BINARY 'listener_daemon_2') LIMIT 1[0m
  [4;35;1mUser Create (0.5ms)[0m   [0mINSERT INTO `users` (`name`, `salt`, `created_at`, `updated_at`, `hashed_password`) VALUES('listener_daemon_2', '-6142692380.27272599548457', '2009-06-02 18:38:53', '2009-06-02 18:38:53', '93542e383a905ee2ae0a98b32b4871283c277b57')[0m
  [4;36;1mSQL (5.5ms)[0m   [0;1mCOMMIT[0m
  [4;35;1mSQL (0.2ms)[0m   [0mBEGIN[0m
  [4;36;1mListener Update (0.6ms)[0m   [0;1mUPDATE `listeners` SET `updated_at` = '2009-06-02 18:38:53', `status` = 'running', `password` = 'theansismond' WHERE `id` = 2[0m
  [4;35;1mSQL (0.5ms)[0m   [0mCOMMIT[0m
Redirected to http://localhost:3000/listeners
Completed in 1438ms (DB: 13) | 302 Found [http://localhost/daemon/start/2]
  [4;36;1mSQL (0.2ms)[0m   [0;1mSET NAMES 'utf8'[0m
  [4;35;1mSQL (0.1ms)[0m   [0mSET SQL_AUTO_IS_NULL=0[0m


Processing ListenersController#index (for 127.0.0.1 at 2009-06-02 11:38:53) [GET]
  [4;36;1mListener Load (0.6ms)[0m   [0;1mSELECT * FROM `listeners` [0m
Rendering template within layouts/listeners
Rendering listeners/index
  [4;35;1mListener Columns (1.8ms)[0m   [0mSHOW FIELDS FROM `listeners`[0m
Completed in 61ms (View: 24, DB: 3) | 200 OK [http://localhost/listeners]
  [4;36;1mSQL (0.1ms)[0m   [0;1mSET NAMES 'utf8'[0m
  [4;35;1mSQL (0.2ms)[0m   [0mSET SQL_AUTO_IS_NULL=0[0m


Processing DaemonController#start (for 127.0.0.1 at 2009-06-02 11:39:14) [POST]
  Parameters: {"authenticity_token"=>"lAOuU9UtdD6YVkm1CQaisI2HrLb3eqa1lcw88I2R4rc=", "id"=>"6"}
  [4;36;1mListener Columns (1.7ms)[0m   [0;1mSHOW FIELDS FROM `listeners`[0m
  [4;35;1mListener Load (0.6ms)[0m   [0mSELECT * FROM `listeners` WHERE (`listeners`.`id` = 6) [0m
  [4;36;1mUser Columns (1.5ms)[0m   [0;1mSHOW FIELDS FROM `users`[0m
  [4;35;1mUser Load (0.5ms)[0m   [0mSELECT * FROM `users` WHERE (`users`.`name` = 'listener_daemon_6') LIMIT 1[0m
  [4;36;1mSQL (0.2ms)[0m   [0;1mBEGIN[0m
  [4;35;1mUser Exists (0.5ms)[0m   [0mSELECT `users`.id FROM `users` WHERE (`users`.`name` = BINARY 'listener_daemon_6') LIMIT 1[0m
  [4;36;1mUser Create (0.5ms)[0m   [0;1mINSERT INTO `users` (`name`, `salt`, `created_at`, `updated_at`, `hashed_password`) VALUES('listener_daemon_6', '-6137821980.112405226183453', '2009-06-02 18:39:15', '2009-06-02 18:39:15', '90ee8de5e7499c4529ff9f9424db9f1560692050')[0m
  [4;35;1mSQL (7.8ms)[0m   [0mCOMMIT[0m
  [4;36;1mSQL (0.2ms)[0m   [0;1mBEGIN[0m
  [4;35;1mListener Update (0.6ms)[0m   [0mUPDATE `listeners` SET `updated_at` = '2009-06-02 18:39:16', `user` = 'listener_daemon_6', `status` = 'running', `password` = 'harindomyomy' WHERE `id` = 6[0m
  [4;36;1mSQL (2.5ms)[0m   [0;1mCOMMIT[0m
Redirected to http://localhost:3000/listeners
Completed in 1618ms (DB: 17) | 302 Found [http://localhost/daemon/start/6]
  [4;35;1mSQL (0.1ms)[0m   [0mSET NAMES 'utf8'[0m
  [4;36;1mSQL (0.1ms)[0m   [0;1mSET SQL_AUTO_IS_NULL=0[0m


Processing ListenersController#index (for 127.0.0.1 at 2009-06-02 11:39:16) [GET]
  [4;35;1mListener Load (0.5ms)[0m   [0mSELECT * FROM `listeners` [0m
Rendering template within layouts/listeners
Rendering listeners/index
  [4;36;1mListener Columns (1.6ms)[0m   [0;1mSHOW FIELDS FROM `listeners`[0m
Completed in 61ms (View: 24, DB: 2) | 200 OK [http://localhost/listeners]
  [4;35;1mSQL (0.1ms)[0m   [0mSET NAMES 'utf8'[0m
  [4;36;1mSQL (0.1ms)[0m   [0;1mSET SQL_AUTO_IS_NULL=0[0m


Processing DaemonController#stop (for 127.0.0.1 at 2009-06-02 11:40:03) [POST]
  Parameters: {"authenticity_token"=>"lAOuU9UtdD6YVkm1CQaisI2HrLb3eqa1lcw88I2R4rc=", "id"=>"6"}
  [4;35;1mListener Columns (1.7ms)[0m   [0mSHOW FIELDS FROM `listeners`[0m
  [4;36;1mListener Load (0.6ms)[0m   [0;1mSELECT * FROM `listeners` WHERE (`listeners`.`id` = 6) [0m
  [4;35;1mUser Columns (1.6ms)[0m   [0mSHOW FIELDS FROM `users`[0m
  [4;36;1mUser Load (0.6ms)[0m   [0;1mSELECT * FROM `users` WHERE (`users`.`name` = 'listener_daemon_6') LIMIT 1[0m
  [4;35;1mUser Delete all (5.5ms)[0m   [0mDELETE FROM `users` WHERE (`id` IN (5)) [0m
  [4;36;1mSQL (0.1ms)[0m   [0;1mBEGIN[0m
  [4;35;1mListener Update (0.6ms)[0m   [0mUPDATE `listeners` SET `updated_at` = '2009-06-02 18:40:03', `status` = 'stopped' WHERE `id` = 6[0m
  [4;36;1mSQL (0.6ms)[0m   [0;1mCOMMIT[0m
Redirected to http://localhost:3000/listeners
Completed in 504ms (DB: 12) | 302 Found [http://localhost/daemon/stop/6]
  [4;35;1mSQL (0.1ms)[0m   [0mSET NAMES 'utf8'[0m
  [4;36;1mSQL (0.1ms)[0m   [0;1mSET SQL_AUTO_IS_NULL=0[0m


Processing ListenersController#index (for 127.0.0.1 at 2009-06-02 11:40:03) [GET]
  [4;35;1mListener Load (0.6ms)[0m   [0mSELECT * FROM `listeners` [0m
Rendering template within layouts/listeners
Rendering listeners/index
  [4;36;1mListener Columns (1.6ms)[0m   [0;1mSHOW FIELDS FROM `listeners`[0m
Completed in 64ms (View: 25, DB: 2) | 200 OK [http://localhost/listeners]
  [4;35;1mSQL (0.2ms)[0m   [0mSET NAMES 'utf8'[0m
  [4;36;1mSQL (0.1ms)[0m   [0;1mSET SQL_AUTO_IS_NULL=0[0m


Processing DaemonController#stop (for 127.0.0.1 at 2009-06-02 11:40:04) [POST]
  Parameters: {"authenticity_token"=>"lAOuU9UtdD6YVkm1CQaisI2HrLb3eqa1lcw88I2R4rc=", "id"=>"2"}
  [4;35;1mListener Columns (1.7ms)[0m   [0mSHOW FIELDS FROM `listeners`[0m
  [4;36;1mListener Load (0.5ms)[0m   [0;1mSELECT * FROM `listeners` WHERE (`listeners`.`id` = 2) [0m
  [4;35;1mUser Columns (1.5ms)[0m   [0mSHOW FIELDS FROM `users`[0m
  [4;36;1mUser Load (0.6ms)[0m   [0;1mSELECT * FROM `users` WHERE (`users`.`name` = 'listener_daemon_2') LIMIT 1[0m
  [4;35;1mUser Delete all (3.3ms)[0m   [0mDELETE FROM `users` WHERE (`id` IN (4)) [0m
  [4;36;1mSQL (0.1ms)[0m   [0;1mBEGIN[0m
  [4;35;1mListener Update (0.6ms)[0m   [0mUPDATE `listeners` SET `updated_at` = '2009-06-02 18:40:05', `status` = 'stopped' WHERE `id` = 2[0m
  [4;36;1mSQL (0.5ms)[0m   [0;1mCOMMIT[0m
Redirected to http://localhost:3000/listeners
Completed in 498ms (DB: 9) | 302 Found [http://localhost/daemon/stop/2]
  [4;35;1mSQL (0.1ms)[0m   [0mSET NAMES 'utf8'[0m
  [4;36;1mSQL (0.1ms)[0m   [0;1mSET SQL_AUTO_IS_NULL=0[0m


Processing ListenersController#index (for 127.0.0.1 at 2009-06-02 11:40:05) [GET]
  [4;35;1mListener Load (0.6ms)[0m   [0mSELECT * FROM `listeners` [0m
Rendering template within layouts/listeners
Rendering listeners/index
  [4;36;1mListener Columns (1.7ms)[0m   [0;1mSHOW FIELDS FROM `listeners`[0m
Completed in 62ms (View: 24, DB: 3) | 200 OK [http://localhost/listeners]
  [4;35;1mSQL (0.1ms)[0m   [0mSET NAMES 'utf8'[0m
  [4;36;1mSQL (0.1ms)[0m   [0;1mSET SQL_AUTO_IS_NULL=0[0m


Processing DaemonController#stop (for 127.0.0.1 at 2009-06-02 11:40:06) [POST]
  Parameters: {"authenticity_token"=>"lAOuU9UtdD6YVkm1CQaisI2HrLb3eqa1lcw88I2R4rc=", "id"=>"1"}
  [4;35;1mListener Columns (1.6ms)[0m   [0mSHOW FIELDS FROM `listeners`[0m
  [4;36;1mListener Load (0.6ms)[0m   [0;1mSELECT * FROM `listeners` WHERE (`listeners`.`id` = 1) [0m
  [4;35;1mUser Columns (1.5ms)[0m   [0mSHOW FIELDS FROM `users`[0m
  [4;36;1mUser Load (0.6ms)[0m   [0;1mSELECT * FROM `users` WHERE (`users`.`name` = 'listener_daemon_1') LIMIT 1[0m
  [4;35;1mUser Delete all (7.4ms)[0m   [0mDELETE FROM `users` WHERE (`id` IN (3)) [0m
  [4;36;1mSQL (0.1ms)[0m   [0;1mBEGIN[0m
  [4;35;1mListener Update (0.6ms)[0m   [0mUPDATE `listeners` SET `updated_at` = '2009-06-02 18:40:06', `status` = 'stopped' WHERE `id` = 1[0m
  [4;36;1mSQL (0.6ms)[0m   [0;1mCOMMIT[0m
Redirected to http://localhost:3000/listeners
Completed in 503ms (DB: 13) | 302 Found [http://localhost/daemon/stop/1]
  [4;35;1mSQL (0.2ms)[0m   [0mSET NAMES 'utf8'[0m
  [4;36;1mSQL (0.1ms)[0m   [0;1mSET SQL_AUTO_IS_NULL=0[0m


Processing ListenersController#index (for 127.0.0.1 at 2009-06-02 11:40:07) [GET]
  [4;35;1mListener Load (0.6ms)[0m   [0mSELECT * FROM `listeners` [0m
Rendering template within layouts/listeners
Rendering listeners/index
  [4;36;1mListener Columns (1.7ms)[0m   [0;1mSHOW FIELDS FROM `listeners`[0m
Completed in 62ms (View: 24, DB: 3) | 200 OK [http://localhost/listeners]
