# Logfile created on Mon Jun 01 19:19:36 -0700 2009 by /
I, [2009-06-01T19:19:36.255015 #10940]  INFO -- : Starting listener_daemon_2...
I, [2009-06-01T19:19:36.255191 #10940]  INFO -- : Value of ARGV[0] => /home/kenb/development/fulfill
I, [2009-06-01T19:19:36.255308 #10940]  INFO -- : Value of ARGV[1] => listener_daemon_2
I, [2009-06-01T19:19:36.255418 #10940]  INFO -- : Value of ARGV[2] => abc
I, [2009-06-01T19:19:36.255528 #10940]  INFO -- : Value of ARGV[3] => listener_daemon_2
I, [2009-06-01T19:19:36.255636 #10940]  INFO -- : Value of ARGV[4] => big_deal
I, [2009-06-01T19:19:36.255749 #10940]  INFO -- : Value of ARGV[5] => def
I, [2009-06-01T19:19:36.255860 #10940]  INFO -- : listener_daemon_2 is snoozing...
I, [2009-06-01T19:19:47.675995 #10949]  INFO -- : Starting listener_daemon_2...
I, [2009-06-01T19:19:47.676263 #10949]  INFO -- : Value of ARGV[0] => /home/kenb/development/fulfill
I, [2009-06-01T19:19:47.676385 #10949]  INFO -- : Value of ARGV[1] => listener_daemon_2
I, [2009-06-01T19:19:47.676499 #10949]  INFO -- : Value of ARGV[2] => abc
I, [2009-06-01T19:19:47.676609 #10949]  INFO -- : Value of ARGV[3] => listener_daemon_2
I, [2009-06-01T19:19:47.681238 #10949]  INFO -- : Value of ARGV[4] => big_deal
I, [2009-06-01T19:19:47.681362 #10949]  INFO -- : Value of ARGV[5] => def
I, [2009-06-01T19:19:47.681478 #10949]  INFO -- : listener_daemon_2 is snoozing...
I, [2009-06-01T19:20:07.701689 #10949]  INFO -- : ...Huh? What? Snort!
I, [2009-06-01T19:20:07.701983 #10949]  INFO -- : listener_daemon_2 is snoozing...
I, [2009-06-01T19:22:35.551266 #11285]  INFO -- : Starting listener_daemon_2...
I, [2009-06-01T19:22:35.551565 #11285]  INFO -- : Value of ARGV[0] => /home/kenb/development/fulfill
I, [2009-06-01T19:22:35.551686 #11285]  INFO -- : Value of ARGV[1] => listener_daemon_2
I, [2009-06-01T19:22:35.551796 #11285]  INFO -- : Value of ARGV[2] => abc
I, [2009-06-01T19:22:35.551905 #11285]  INFO -- : Value of ARGV[3] => listener_daemon_2
I, [2009-06-01T19:22:35.552013 #11285]  INFO -- : Value of ARGV[4] => big_deal
I, [2009-06-01T19:22:35.552125 #11285]  INFO -- : Value of ARGV[5] => def
I, [2009-06-01T19:22:35.552236 #11285]  INFO -- : listener_daemon_2 is snoozing...
