# Logfile created on Mon Jun 01 19:03:28 -0700 2009 by /
I, [2009-06-01T19:03:28.420335 #10503]  INFO -- : Starting listener_daemon_1...
I, [2009-06-01T19:03:28.420512 #10503]  INFO -- : Value of ARGV[0] => /home/kenb/development/fulfill
I, [2009-06-01T19:03:28.420628 #10503]  INFO -- : Value of ARGV[1] => listener_daemon_1
I, [2009-06-01T19:03:28.420739 #10503]  INFO -- : Value of ARGV[2] => broker-url
I, [2009-06-01T19:03:28.420849 #10503]  INFO -- : Value of ARGV[3] => listener_daemon_1
I, [2009-06-01T19:03:28.420995 #10503]  INFO -- : Value of ARGV[4] => big_deal
I, [2009-06-01T19:03:28.421105 #10503]  INFO -- : Value of ARGV[5] => http://localhost:3000/listeners/update
I, [2009-06-01T19:03:28.421217 #10503]  INFO -- : listener_daemon_1 is snoozing...
I, [2009-06-01T19:04:18.472914 #10511]  INFO -- : Starting listener_daemon_1...
I, [2009-06-01T19:04:18.473182 #10511]  INFO -- : Value of ARGV[0] => /home/kenb/development/fulfill
I, [2009-06-01T19:04:18.473302 #10511]  INFO -- : Value of ARGV[1] => listener_daemon_1
I, [2009-06-01T19:04:18.473413 #10511]  INFO -- : Value of ARGV[2] => broker-url
I, [2009-06-01T19:04:18.473522 #10511]  INFO -- : Value of ARGV[3] => listener_daemon_1
I, [2009-06-01T19:04:18.473641 #10511]  INFO -- : Value of ARGV[4] => big_deal
I, [2009-06-01T19:04:18.473754 #10511]  INFO -- : Value of ARGV[5] => http://localhost:3000/listeners/update
I, [2009-06-01T19:04:18.473867 #10511]  INFO -- : listener_daemon_1 is snoozing...
I, [2009-06-01T19:04:37.071673 #10518]  INFO -- : Starting listener_daemon_1...
I, [2009-06-01T19:04:37.071942 #10518]  INFO -- : Value of ARGV[0] => /home/kenb/development/fulfill
I, [2009-06-01T19:04:37.072062 #10518]  INFO -- : Value of ARGV[1] => listener_daemon_1
I, [2009-06-01T19:04:37.072171 #10518]  INFO -- : Value of ARGV[2] => broker-url
I, [2009-06-01T19:04:37.072278 #10518]  INFO -- : Value of ARGV[3] => listener_daemon_1
I, [2009-06-01T19:04:37.072384 #10518]  INFO -- : Value of ARGV[4] => big_deal
I, [2009-06-01T19:04:37.072494 #10518]  INFO -- : Value of ARGV[5] => http://localhost:3000/listeners/update
I, [2009-06-01T19:04:37.072604 #10518]  INFO -- : listener_daemon_1 is snoozing...
I, [2009-06-01T19:04:44.626049 #10525]  INFO -- : Starting listener_daemon_1...
I, [2009-06-01T19:04:44.626350 #10525]  INFO -- : Value of ARGV[0] => /home/kenb/development/fulfill
I, [2009-06-01T19:04:44.628106 #10525]  INFO -- : Value of ARGV[1] => listener_daemon_1
I, [2009-06-01T19:04:44.628388 #10525]  INFO -- : Value of ARGV[2] => broker-url
I, [2009-06-01T19:04:44.628507 #10525]  INFO -- : Value of ARGV[3] => listener_daemon_1
I, [2009-06-01T19:04:44.628617 #10525]  INFO -- : Value of ARGV[4] => big_deal
I, [2009-06-01T19:04:44.628726 #10525]  INFO -- : Value of ARGV[5] => http://localhost:3000/listeners/update
I, [2009-06-01T19:04:44.628842 #10525]  INFO -- : listener_daemon_1 is snoozing...
I, [2009-06-01T19:05:04.649065 #10525]  INFO -- : ...Huh? What? Snort!
I, [2009-06-01T19:05:04.649348 #10525]  INFO -- : listener_daemon_1 is snoozing...
I, [2009-06-01T19:05:24.669543 #10525]  INFO -- : ...Huh? What? Snort!
I, [2009-06-01T19:05:24.669821 #10525]  INFO -- : listener_daemon_1 is snoozing...
I, [2009-06-01T19:05:44.690035 #10525]  INFO -- : ...Huh? What? Snort!
I, [2009-06-01T19:05:44.690319 #10525]  INFO -- : listener_daemon_1 is snoozing...
I, [2009-06-01T19:06:04.710509 #10525]  INFO -- : ...Huh? What? Snort!
I, [2009-06-01T19:06:04.710794 #10525]  INFO -- : listener_daemon_1 is snoozing...
I, [2009-06-01T19:06:24.730982 #10525]  INFO -- : ...Huh? What? Snort!
I, [2009-06-01T19:06:24.731263 #10525]  INFO -- : listener_daemon_1 is snoozing...
I, [2009-06-01T19:06:44.751451 #10525]  INFO -- : ...Huh? What? Snort!
I, [2009-06-01T19:06:44.751726 #10525]  INFO -- : listener_daemon_1 is snoozing...
I, [2009-06-01T19:07:04.771977 #10525]  INFO -- : ...Huh? What? Snort!
I, [2009-06-01T19:07:04.772257 #10525]  INFO -- : listener_daemon_1 is snoozing...
I, [2009-06-01T19:07:24.792448 #10525]  INFO -- : ...Huh? What? Snort!
I, [2009-06-01T19:07:24.792735 #10525]  INFO -- : listener_daemon_1 is snoozing...
I, [2009-06-01T19:07:44.812979 #10525]  INFO -- : ...Huh? What? Snort!
I, [2009-06-01T19:07:44.813261 #10525]  INFO -- : listener_daemon_1 is snoozing...
I, [2009-06-01T19:08:04.833452 #10525]  INFO -- : ...Huh? What? Snort!
I, [2009-06-01T19:08:04.833724 #10525]  INFO -- : listener_daemon_1 is snoozing...
I, [2009-06-01T19:08:24.853945 #10525]  INFO -- : ...Huh? What? Snort!
I, [2009-06-01T19:08:24.854223 #10525]  INFO -- : listener_daemon_1 is snoozing...
I, [2009-06-01T19:08:44.874416 #10525]  INFO -- : ...Huh? What? Snort!
I, [2009-06-01T19:08:44.874689 #10525]  INFO -- : listener_daemon_1 is snoozing...
I, [2009-06-01T19:09:04.894880 #10525]  INFO -- : ...Huh? What? Snort!
I, [2009-06-01T19:09:04.895160 #10525]  INFO -- : listener_daemon_1 is snoozing...
I, [2009-06-01T19:09:24.915350 #10525]  INFO -- : ...Huh? What? Snort!
I, [2009-06-01T19:09:24.915621 #10525]  INFO -- : listener_daemon_1 is snoozing...
I, [2009-06-01T19:09:44.935810 #10525]  INFO -- : ...Huh? What? Snort!
I, [2009-06-01T19:09:44.936087 #10525]  INFO -- : listener_daemon_1 is snoozing...
I, [2009-06-01T19:10:04.940663 #10525]  INFO -- : ...Huh? What? Snort!
I, [2009-06-01T19:10:04.940940 #10525]  INFO -- : listener_daemon_1 is snoozing...
I, [2009-06-01T19:10:24.946645 #10525]  INFO -- : ...Huh? What? Snort!
I, [2009-06-01T19:10:24.946926 #10525]  INFO -- : listener_daemon_1 is snoozing...
I, [2009-06-01T19:10:44.952350 #10525]  INFO -- : ...Huh? What? Snort!
I, [2009-06-01T19:10:44.952632 #10525]  INFO -- : listener_daemon_1 is snoozing...
I, [2009-06-01T19:11:04.958242 #10525]  INFO -- : ...Huh? What? Snort!
I, [2009-06-01T19:11:04.958510 #10525]  INFO -- : listener_daemon_1 is snoozing...
I, [2009-06-01T19:11:24.964081 #10525]  INFO -- : ...Huh? What? Snort!
I, [2009-06-01T19:11:24.964352 #10525]  INFO -- : listener_daemon_1 is snoozing...
I, [2009-06-01T19:11:44.969948 #10525]  INFO -- : ...Huh? What? Snort!
I, [2009-06-01T19:11:44.970222 #10525]  INFO -- : listener_daemon_1 is snoozing...
I, [2009-06-01T19:12:04.976601 #10525]  INFO -- : ...Huh? What? Snort!
I, [2009-06-01T19:12:04.976876 #10525]  INFO -- : listener_daemon_1 is snoozing...
I, [2009-06-01T19:12:24.982585 #10525]  INFO -- : ...Huh? What? Snort!
I, [2009-06-01T19:12:24.982864 #10525]  INFO -- : listener_daemon_1 is snoozing...
I, [2009-06-01T19:12:44.988658 #10525]  INFO -- : ...Huh? What? Snort!
I, [2009-06-01T19:12:44.988934 #10525]  INFO -- : listener_daemon_1 is snoozing...
I, [2009-06-01T19:13:04.994767 #10525]  INFO -- : ...Huh? What? Snort!
I, [2009-06-01T19:13:04.995029 #10525]  INFO -- : listener_daemon_1 is snoozing...
I, [2009-06-01T19:13:25.000441 #10525]  INFO -- : ...Huh? What? Snort!
I, [2009-06-01T19:13:25.000710 #10525]  INFO -- : listener_daemon_1 is snoozing...
I, [2009-06-01T19:13:45.006523 #10525]  INFO -- : ...Huh? What? Snort!
I, [2009-06-01T19:13:45.006791 #10525]  INFO -- : listener_daemon_1 is snoozing...
I, [2009-06-01T19:14:05.012208 #10525]  INFO -- : ...Huh? What? Snort!
I, [2009-06-01T19:14:05.012483 #10525]  INFO -- : listener_daemon_1 is snoozing...
I, [2009-06-01T19:14:25.018707 #10525]  INFO -- : ...Huh? What? Snort!
I, [2009-06-01T19:14:25.018983 #10525]  INFO -- : listener_daemon_1 is snoozing...
I, [2009-06-01T19:14:45.027217 #10525]  INFO -- : ...Huh? What? Snort!
I, [2009-06-01T19:14:45.027490 #10525]  INFO -- : listener_daemon_1 is snoozing...
I, [2009-06-01T19:15:05.047682 #10525]  INFO -- : ...Huh? What? Snort!
I, [2009-06-01T19:15:05.047969 #10525]  INFO -- : listener_daemon_1 is snoozing...
I, [2009-06-01T19:15:25.068158 #10525]  INFO -- : ...Huh? What? Snort!
I, [2009-06-01T19:15:25.068440 #10525]  INFO -- : listener_daemon_1 is snoozing...
I, [2009-06-01T19:15:45.088631 #10525]  INFO -- : ...Huh? What? Snort!
I, [2009-06-01T19:15:45.088915 #10525]  INFO -- : listener_daemon_1 is snoozing...
I, [2009-06-01T19:16:05.109104 #10525]  INFO -- : ...Huh? What? Snort!
I, [2009-06-01T19:16:05.109382 #10525]  INFO -- : listener_daemon_1 is snoozing...
I, [2009-06-01T19:16:25.129572 #10525]  INFO -- : ...Huh? What? Snort!
I, [2009-06-01T19:16:25.129914 #10525]  INFO -- : listener_daemon_1 is snoozing...
I, [2009-06-01T19:16:45.150107 #10525]  INFO -- : ...Huh? What? Snort!
I, [2009-06-01T19:16:45.150387 #10525]  INFO -- : listener_daemon_1 is snoozing...
I, [2009-06-01T19:17:05.170574 #10525]  INFO -- : ...Huh? What? Snort!
I, [2009-06-01T19:17:05.170854 #10525]  INFO -- : listener_daemon_1 is snoozing...
I, [2009-06-01T19:17:25.191045 #10525]  INFO -- : ...Huh? What? Snort!
I, [2009-06-01T19:17:25.191331 #10525]  INFO -- : listener_daemon_1 is snoozing...
I, [2009-06-01T19:17:45.211279 #10525]  INFO -- : ...Huh? What? Snort!
I, [2009-06-01T19:17:45.211551 #10525]  INFO -- : listener_daemon_1 is snoozing...
I, [2009-06-01T19:18:05.231740 #10525]  INFO -- : ...Huh? What? Snort!
I, [2009-06-01T19:18:05.232018 #10525]  INFO -- : listener_daemon_1 is snoozing...
I, [2009-06-01T19:18:25.252208 #10525]  INFO -- : ...Huh? What? Snort!
I, [2009-06-01T19:18:25.252497 #10525]  INFO -- : listener_daemon_1 is snoozing...
I, [2009-06-01T19:18:45.270013 #10525]  INFO -- : ...Huh? What? Snort!
I, [2009-06-01T19:18:45.270280 #10525]  INFO -- : listener_daemon_1 is snoozing...
I, [2009-06-01T19:19:05.290003 #10525]  INFO -- : ...Huh? What? Snort!
I, [2009-06-01T19:19:05.290272 #10525]  INFO -- : listener_daemon_1 is snoozing...
I, [2009-06-01T19:19:08.915462 #10935]  INFO -- : Starting listener_daemon_1...
I, [2009-06-01T19:19:08.915726 #10935]  INFO -- : Value of ARGV[0] => /home/kenb/development/fulfill
I, [2009-06-01T19:19:08.915847 #10935]  INFO -- : Value of ARGV[1] => listener_daemon_1
I, [2009-06-01T19:19:08.915959 #10935]  INFO -- : Value of ARGV[2] => broker-url
I, [2009-06-01T19:19:08.916069 #10935]  INFO -- : Value of ARGV[3] => listener_daemon_1
I, [2009-06-01T19:19:08.916177 #10935]  INFO -- : Value of ARGV[4] => big_deal
I, [2009-06-01T19:19:08.916286 #10935]  INFO -- : Value of ARGV[5] => http://localhost:3000/listeners/update
I, [2009-06-01T19:19:08.916397 #10935]  INFO -- : listener_daemon_1 is snoozing...
I, [2009-06-01T19:19:28.933014 #10935]  INFO -- : ...Huh? What? Snort!
I, [2009-06-01T19:19:28.933295 #10935]  INFO -- : listener_daemon_1 is snoozing...
I, [2009-06-01T19:19:50.942672 #10953]  INFO -- : Starting listener_daemon_1...
I, [2009-06-01T19:19:50.942954 #10953]  INFO -- : Value of ARGV[0] => /home/kenb/development/fulfill
I, [2009-06-01T19:19:50.943073 #10953]  INFO -- : Value of ARGV[1] => listener_daemon_1
I, [2009-06-01T19:19:50.943185 #10953]  INFO -- : Value of ARGV[2] => broker-url
I, [2009-06-01T19:19:50.943295 #10953]  INFO -- : Value of ARGV[3] => listener_daemon_1
I, [2009-06-01T19:19:50.943402 #10953]  INFO -- : Value of ARGV[4] => big_deal
I, [2009-06-01T19:19:50.943514 #10953]  INFO -- : Value of ARGV[5] => http://localhost:3000/listeners/update
I, [2009-06-01T19:19:50.943627 #10953]  INFO -- : listener_daemon_1 is snoozing...
I, [2009-06-01T19:20:10.963839 #10953]  INFO -- : ...Huh? What? Snort!
I, [2009-06-01T19:20:10.964126 #10953]  INFO -- : listener_daemon_1 is snoozing...
I, [2009-06-01T19:22:38.178717 #11291]  INFO -- : Starting listener_daemon_1...
I, [2009-06-01T19:22:38.178999 #11291]  INFO -- : Value of ARGV[0] => /home/kenb/development/fulfill
I, [2009-06-01T19:22:38.179121 #11291]  INFO -- : Value of ARGV[1] => listener_daemon_1
I, [2009-06-01T19:22:38.179234 #11291]  INFO -- : Value of ARGV[2] => broker-url
I, [2009-06-01T19:22:38.179346 #11291]  INFO -- : Value of ARGV[3] => listener_daemon_1
I, [2009-06-01T19:22:38.179456 #11291]  INFO -- : Value of ARGV[4] => big_deal
I, [2009-06-01T19:22:38.179568 #11291]  INFO -- : Value of ARGV[5] => http://localhost:3000/listeners/update
I, [2009-06-01T19:22:38.179679 #11291]  INFO -- : listener_daemon_1 is snoozing...
