# Logfile created on Mon Jun 01 19:03:28 -0700 2009 by /
I, [2009-06-01T19:03:28.381789 #10501]  INFO -- : Starting the control daemon...
I, [2009-06-01T19:03:28.381985 #10501]  INFO -- : Value of ARGV[0] => start
I, [2009-06-01T19:03:28.382105 #10501]  INFO -- : Value of ARGV[1] => listener_daemon_1
I, [2009-06-01T19:03:28.382219 #10501]  INFO -- : Value of ARGV[2] => /home/kenb/development/fulfill
I, [2009-06-01T19:03:28.382328 #10501]  INFO -- : Value of ARGV[3] => --
I, [2009-06-01T19:03:28.382437 #10501]  INFO -- : Value of ARGV[4] => /home/kenb/development/fulfill
I, [2009-06-01T19:03:28.382546 #10501]  INFO -- : Value of ARGV[5] => listener_daemon_1
I, [2009-06-01T19:03:28.382656 #10501]  INFO -- : Value of ARGV[6] => broker-url
I, [2009-06-01T19:03:28.382765 #10501]  INFO -- : Value of ARGV[7] => listener_daemon_1
I, [2009-06-01T19:03:28.382873 #10501]  INFO -- : Value of ARGV[8] => big_deal
I, [2009-06-01T19:03:28.382982 #10501]  INFO -- : Value of ARGV[9] => http://localhost:3000/listeners/update
I, [2009-06-01T19:03:28.383117 #10501]  INFO -- : options[keep_pid_files] => true
I, [2009-06-01T19:03:28.383229 #10501]  INFO -- : options[dir] => /home/kenb/development/fulfill/tmp/pids
I, [2009-06-01T19:03:28.383342 #10501]  INFO -- : options[hard_exit] => true
I, [2009-06-01T19:03:28.383458 #10501]  INFO -- : options[multiple] => false
I, [2009-06-01T19:03:28.383570 #10501]  INFO -- : options[ARGV] => 
I, [2009-06-01T19:03:28.383683 #10501]  INFO -- : options[backtrace] => true
I, [2009-06-01T19:03:28.383798 #10501]  INFO -- : options[ontop] => false
I, [2009-06-01T19:03:28.383912 #10501]  INFO -- : options[monitor] => false
I, [2009-06-01T19:03:28.384025 #10501]  INFO -- : options[app_name] => listener_daemon_1
I, [2009-06-01T19:03:28.384138 #10501]  INFO -- : options[log_output] => false
I, [2009-06-01T19:03:28.384250 #10501]  INFO -- : options[mode] => load
I, [2009-06-01T19:03:28.384362 #10501]  INFO -- : options[dir_mode] => normal
I, [2009-06-01T19:03:28.384472 #10501]  INFO -- : Launching /home/kenb/development/fulfill/app/models/listener_daemon.rb...
I, [2009-06-01T19:03:35.922447 #10507]  INFO -- : Starting the control daemon...
I, [2009-06-01T19:03:35.922979 #10507]  INFO -- : Value of ARGV[0] => stop
I, [2009-06-01T19:03:35.923113 #10507]  INFO -- : Value of ARGV[1] => listener_daemon_1
I, [2009-06-01T19:03:35.923229 #10507]  INFO -- : Value of ARGV[2] => /home/kenb/development/fulfill
I, [2009-06-01T19:03:35.923339 #10507]  INFO -- : Value of ARGV[3] => --
I, [2009-06-01T19:03:35.923449 #10507]  INFO -- : Value of ARGV[4] => /home/kenb/development/fulfill
I, [2009-06-01T19:03:35.923560 #10507]  INFO -- : Value of ARGV[5] => listener_daemon_1
I, [2009-06-01T19:03:35.923668 #10507]  INFO -- : Value of ARGV[6] => broker-url
I, [2009-06-01T19:03:35.923778 #10507]  INFO -- : Value of ARGV[7] => listener_daemon_1
I, [2009-06-01T19:03:35.923887 #10507]  INFO -- : Value of ARGV[8] => big_deal
I, [2009-06-01T19:03:35.923997 #10507]  INFO -- : Value of ARGV[9] => http://localhost:3000/listeners/update
I, [2009-06-01T19:03:35.924136 #10507]  INFO -- : options[keep_pid_files] => true
I, [2009-06-01T19:03:35.924250 #10507]  INFO -- : options[dir] => /home/kenb/development/fulfill/tmp/pids
I, [2009-06-01T19:03:35.924364 #10507]  INFO -- : options[hard_exit] => true
I, [2009-06-01T19:03:35.924478 #10507]  INFO -- : options[multiple] => false
I, [2009-06-01T19:03:35.924592 #10507]  INFO -- : options[ARGV] => 
I, [2009-06-01T19:03:35.924707 #10507]  INFO -- : options[backtrace] => true
I, [2009-06-01T19:03:35.924821 #10507]  INFO -- : options[ontop] => false
I, [2009-06-01T19:03:35.924935 #10507]  INFO -- : options[monitor] => false
I, [2009-06-01T19:03:35.925048 #10507]  INFO -- : options[app_name] => listener_daemon_1
I, [2009-06-01T19:03:35.925162 #10507]  INFO -- : options[log_output] => false
I, [2009-06-01T19:03:35.925375 #10507]  INFO -- : options[mode] => load
I, [2009-06-01T19:03:35.925524 #10507]  INFO -- : options[dir_mode] => normal
I, [2009-06-01T19:03:35.925641 #10507]  INFO -- : Launching /home/kenb/development/fulfill/app/models/listener_daemon.rb...
I, [2009-06-01T19:04:18.434301 #10509]  INFO -- : Starting the control daemon...
I, [2009-06-01T19:04:18.434737 #10509]  INFO -- : Value of ARGV[0] => start
I, [2009-06-01T19:04:18.434866 #10509]  INFO -- : Value of ARGV[1] => listener_daemon_1
I, [2009-06-01T19:04:18.434978 #10509]  INFO -- : Value of ARGV[2] => /home/kenb/development/fulfill
I, [2009-06-01T19:04:18.435088 #10509]  INFO -- : Value of ARGV[3] => --
I, [2009-06-01T19:04:18.435198 #10509]  INFO -- : Value of ARGV[4] => /home/kenb/development/fulfill
I, [2009-06-01T19:04:18.435307 #10509]  INFO -- : Value of ARGV[5] => listener_daemon_1
I, [2009-06-01T19:04:18.435416 #10509]  INFO -- : Value of ARGV[6] => broker-url
I, [2009-06-01T19:04:18.435524 #10509]  INFO -- : Value of ARGV[7] => listener_daemon_1
I, [2009-06-01T19:04:18.435632 #10509]  INFO -- : Value of ARGV[8] => big_deal
I, [2009-06-01T19:04:18.435741 #10509]  INFO -- : Value of ARGV[9] => http://localhost:3000/listeners/update
I, [2009-06-01T19:04:18.435878 #10509]  INFO -- : options[keep_pid_files] => true
I, [2009-06-01T19:04:18.435990 #10509]  INFO -- : options[dir] => /home/kenb/development/fulfill/tmp/pids
I, [2009-06-01T19:04:18.436103 #10509]  INFO -- : options[hard_exit] => true
I, [2009-06-01T19:04:18.436217 #10509]  INFO -- : options[multiple] => false
I, [2009-06-01T19:04:18.436329 #10509]  INFO -- : options[ARGV] => 
I, [2009-06-01T19:04:18.436444 #10509]  INFO -- : options[backtrace] => true
I, [2009-06-01T19:04:18.436557 #10509]  INFO -- : options[ontop] => false
I, [2009-06-01T19:04:18.436670 #10509]  INFO -- : options[monitor] => false
I, [2009-06-01T19:04:18.436780 #10509]  INFO -- : options[app_name] => listener_daemon_1
I, [2009-06-01T19:04:18.436893 #10509]  INFO -- : options[log_output] => false
I, [2009-06-01T19:04:18.437037 #10509]  INFO -- : options[mode] => load
I, [2009-06-01T19:04:18.437150 #10509]  INFO -- : options[dir_mode] => normal
I, [2009-06-01T19:04:18.437262 #10509]  INFO -- : Launching /home/kenb/development/fulfill/app/models/listener_daemon.rb...
I, [2009-06-01T19:04:34.387780 #10514]  INFO -- : Starting the control daemon...
I, [2009-06-01T19:04:34.388227 #10514]  INFO -- : Value of ARGV[0] => stop
I, [2009-06-01T19:04:34.388356 #10514]  INFO -- : Value of ARGV[1] => listener_daemon_1
I, [2009-06-01T19:04:34.388473 #10514]  INFO -- : Value of ARGV[2] => /home/kenb/development/fulfill
I, [2009-06-01T19:04:34.388584 #10514]  INFO -- : Value of ARGV[3] => --
I, [2009-06-01T19:04:34.388695 #10514]  INFO -- : Value of ARGV[4] => /home/kenb/development/fulfill
I, [2009-06-01T19:04:34.388808 #10514]  INFO -- : Value of ARGV[5] => listener_daemon_1
I, [2009-06-01T19:04:34.388952 #10514]  INFO -- : Value of ARGV[6] => broker-url
I, [2009-06-01T19:04:34.389062 #10514]  INFO -- : Value of ARGV[7] => listener_daemon_1
I, [2009-06-01T19:04:34.389172 #10514]  INFO -- : Value of ARGV[8] => big_deal
I, [2009-06-01T19:04:34.389283 #10514]  INFO -- : Value of ARGV[9] => http://localhost:3000/listeners/update
I, [2009-06-01T19:04:34.389421 #10514]  INFO -- : options[keep_pid_files] => true
I, [2009-06-01T19:04:34.389535 #10514]  INFO -- : options[dir] => /home/kenb/development/fulfill/tmp/pids
I, [2009-06-01T19:04:34.389649 #10514]  INFO -- : options[hard_exit] => true
I, [2009-06-01T19:04:34.389765 #10514]  INFO -- : options[multiple] => false
I, [2009-06-01T19:04:34.389878 #10514]  INFO -- : options[ARGV] => 
I, [2009-06-01T19:04:34.389993 #10514]  INFO -- : options[backtrace] => true
I, [2009-06-01T19:04:34.390107 #10514]  INFO -- : options[ontop] => false
I, [2009-06-01T19:04:34.390220 #10514]  INFO -- : options[monitor] => false
I, [2009-06-01T19:04:34.390366 #10514]  INFO -- : options[app_name] => listener_daemon_1
I, [2009-06-01T19:04:34.390481 #10514]  INFO -- : options[log_output] => false
I, [2009-06-01T19:04:34.390595 #10514]  INFO -- : options[mode] => load
I, [2009-06-01T19:04:34.390710 #10514]  INFO -- : options[dir_mode] => normal
I, [2009-06-01T19:04:34.390821 #10514]  INFO -- : Launching /home/kenb/development/fulfill/app/models/listener_daemon.rb...
I, [2009-06-01T19:04:37.033189 #10516]  INFO -- : Starting the control daemon...
I, [2009-06-01T19:04:37.033724 #10516]  INFO -- : Value of ARGV[0] => start
I, [2009-06-01T19:04:37.033856 #10516]  INFO -- : Value of ARGV[1] => listener_daemon_1
I, [2009-06-01T19:04:37.033997 #10516]  INFO -- : Value of ARGV[2] => /home/kenb/development/fulfill
I, [2009-06-01T19:04:37.034108 #10516]  INFO -- : Value of ARGV[3] => --
I, [2009-06-01T19:04:37.034216 #10516]  INFO -- : Value of ARGV[4] => /home/kenb/development/fulfill
I, [2009-06-01T19:04:37.034327 #10516]  INFO -- : Value of ARGV[5] => listener_daemon_1
I, [2009-06-01T19:04:37.034435 #10516]  INFO -- : Value of ARGV[6] => broker-url
I, [2009-06-01T19:04:37.034544 #10516]  INFO -- : Value of ARGV[7] => listener_daemon_1
I, [2009-06-01T19:04:37.034654 #10516]  INFO -- : Value of ARGV[8] => big_deal
I, [2009-06-01T19:04:37.034764 #10516]  INFO -- : Value of ARGV[9] => http://localhost:3000/listeners/update
I, [2009-06-01T19:04:37.034901 #10516]  INFO -- : options[keep_pid_files] => true
I, [2009-06-01T19:04:37.035012 #10516]  INFO -- : options[dir] => /home/kenb/development/fulfill/tmp/pids
I, [2009-06-01T19:04:37.035123 #10516]  INFO -- : options[hard_exit] => true
I, [2009-06-01T19:04:37.035235 #10516]  INFO -- : options[multiple] => false
I, [2009-06-01T19:04:37.035346 #10516]  INFO -- : options[ARGV] => 
I, [2009-06-01T19:04:37.035457 #10516]  INFO -- : options[backtrace] => true
I, [2009-06-01T19:04:37.035569 #10516]  INFO -- : options[ontop] => false
I, [2009-06-01T19:04:37.035680 #10516]  INFO -- : options[monitor] => false
I, [2009-06-01T19:04:37.035790 #10516]  INFO -- : options[app_name] => listener_daemon_1
I, [2009-06-01T19:04:37.035902 #10516]  INFO -- : options[log_output] => false
I, [2009-06-01T19:04:37.036014 #10516]  INFO -- : options[mode] => load
I, [2009-06-01T19:04:37.036195 #10516]  INFO -- : options[dir_mode] => normal
I, [2009-06-01T19:04:37.036310 #10516]  INFO -- : Launching /home/kenb/development/fulfill/app/models/listener_daemon.rb...
I, [2009-06-01T19:04:41.841188 #10521]  INFO -- : Starting the control daemon...
I, [2009-06-01T19:04:41.841715 #10521]  INFO -- : Value of ARGV[0] => stop
I, [2009-06-01T19:04:41.841848 #10521]  INFO -- : Value of ARGV[1] => listener_daemon_1
I, [2009-06-01T19:04:41.841962 #10521]  INFO -- : Value of ARGV[2] => /home/kenb/development/fulfill
I, [2009-06-01T19:04:41.842073 #10521]  INFO -- : Value of ARGV[3] => --
I, [2009-06-01T19:04:41.842183 #10521]  INFO -- : Value of ARGV[4] => /home/kenb/development/fulfill
I, [2009-06-01T19:04:41.842295 #10521]  INFO -- : Value of ARGV[5] => listener_daemon_1
I, [2009-06-01T19:04:41.842403 #10521]  INFO -- : Value of ARGV[6] => broker-url
I, [2009-06-01T19:04:41.842513 #10521]  INFO -- : Value of ARGV[7] => listener_daemon_1
I, [2009-06-01T19:04:41.842621 #10521]  INFO -- : Value of ARGV[8] => big_deal
I, [2009-06-01T19:04:41.842730 #10521]  INFO -- : Value of ARGV[9] => http://localhost:3000/listeners/update
I, [2009-06-01T19:04:41.842866 #10521]  INFO -- : options[keep_pid_files] => true
I, [2009-06-01T19:04:41.842979 #10521]  INFO -- : options[dir] => /home/kenb/development/fulfill/tmp/pids
I, [2009-06-01T19:04:41.843092 #10521]  INFO -- : options[hard_exit] => true
I, [2009-06-01T19:04:41.843206 #10521]  INFO -- : options[multiple] => false
I, [2009-06-01T19:04:41.843354 #10521]  INFO -- : options[ARGV] => 
I, [2009-06-01T19:04:41.843469 #10521]  INFO -- : options[backtrace] => true
I, [2009-06-01T19:04:41.843583 #10521]  INFO -- : options[ontop] => false
I, [2009-06-01T19:04:41.843696 #10521]  INFO -- : options[monitor] => false
I, [2009-06-01T19:04:41.843807 #10521]  INFO -- : options[app_name] => listener_daemon_1
I, [2009-06-01T19:04:41.843920 #10521]  INFO -- : options[log_output] => false
I, [2009-06-01T19:04:41.844035 #10521]  INFO -- : options[mode] => load
I, [2009-06-01T19:04:41.844148 #10521]  INFO -- : options[dir_mode] => normal
I, [2009-06-01T19:04:41.844260 #10521]  INFO -- : Launching /home/kenb/development/fulfill/app/models/listener_daemon.rb...
I, [2009-06-01T19:04:44.586717 #10523]  INFO -- : Starting the control daemon...
I, [2009-06-01T19:04:44.587165 #10523]  INFO -- : Value of ARGV[0] => start
I, [2009-06-01T19:04:44.587295 #10523]  INFO -- : Value of ARGV[1] => listener_daemon_1
I, [2009-06-01T19:04:44.587409 #10523]  INFO -- : Value of ARGV[2] => /home/kenb/development/fulfill
I, [2009-06-01T19:04:44.587518 #10523]  INFO -- : Value of ARGV[3] => --
I, [2009-06-01T19:04:44.587627 #10523]  INFO -- : Value of ARGV[4] => /home/kenb/development/fulfill
I, [2009-06-01T19:04:44.587738 #10523]  INFO -- : Value of ARGV[5] => listener_daemon_1
I, [2009-06-01T19:04:44.587845 #10523]  INFO -- : Value of ARGV[6] => broker-url
I, [2009-06-01T19:04:44.587954 #10523]  INFO -- : Value of ARGV[7] => listener_daemon_1
I, [2009-06-01T19:04:44.588062 #10523]  INFO -- : Value of ARGV[8] => big_deal
I, [2009-06-01T19:04:44.588171 #10523]  INFO -- : Value of ARGV[9] => http://localhost:3000/listeners/update
I, [2009-06-01T19:04:44.588306 #10523]  INFO -- : options[keep_pid_files] => true
I, [2009-06-01T19:04:44.588417 #10523]  INFO -- : options[dir] => /home/kenb/development/fulfill/tmp/pids
I, [2009-06-01T19:04:44.588529 #10523]  INFO -- : options[hard_exit] => true
I, [2009-06-01T19:04:44.588643 #10523]  INFO -- : options[multiple] => false
I, [2009-06-01T19:04:44.588757 #10523]  INFO -- : options[ARGV] => 
I, [2009-06-01T19:04:44.588869 #10523]  INFO -- : options[backtrace] => true
I, [2009-06-01T19:04:44.589014 #10523]  INFO -- : options[ontop] => false
I, [2009-06-01T19:04:44.589127 #10523]  INFO -- : options[monitor] => false
I, [2009-06-01T19:04:44.589239 #10523]  INFO -- : options[app_name] => listener_daemon_1
I, [2009-06-01T19:04:44.589352 #10523]  INFO -- : options[log_output] => false
I, [2009-06-01T19:04:44.589468 #10523]  INFO -- : options[mode] => load
I, [2009-06-01T19:04:44.589582 #10523]  INFO -- : options[dir_mode] => normal
I, [2009-06-01T19:04:44.589693 #10523]  INFO -- : Launching /home/kenb/development/fulfill/app/models/listener_daemon.rb...
I, [2009-06-01T19:19:05.526643 #10930]  INFO -- : Starting the control daemon...
I, [2009-06-01T19:19:05.526978 #10930]  INFO -- : Value of ARGV[0] => stop
I, [2009-06-01T19:19:05.527102 #10930]  INFO -- : Value of ARGV[1] => listener_daemon_1
I, [2009-06-01T19:19:05.527214 #10930]  INFO -- : Value of ARGV[2] => /home/kenb/development/fulfill
I, [2009-06-01T19:19:05.527409 #10930]  INFO -- : Value of ARGV[3] => --
I, [2009-06-01T19:19:05.527520 #10930]  INFO -- : Value of ARGV[4] => /home/kenb/development/fulfill
I, [2009-06-01T19:19:05.527627 #10930]  INFO -- : Value of ARGV[5] => listener_daemon_1
I, [2009-06-01T19:19:05.527732 #10930]  INFO -- : Value of ARGV[6] => broker-url
I, [2009-06-01T19:19:05.527839 #10930]  INFO -- : Value of ARGV[7] => listener_daemon_1
I, [2009-06-01T19:19:05.527944 #10930]  INFO -- : Value of ARGV[8] => big_deal
I, [2009-06-01T19:19:05.528050 #10930]  INFO -- : Value of ARGV[9] => http://localhost:3000/listeners/update
I, [2009-06-01T19:19:05.528182 #10930]  INFO -- : options[keep_pid_files] => true
I, [2009-06-01T19:19:05.528292 #10930]  INFO -- : options[dir] => /home/kenb/development/fulfill/tmp/pids
I, [2009-06-01T19:19:05.528401 #10930]  INFO -- : options[hard_exit] => true
I, [2009-06-01T19:19:05.528511 #10930]  INFO -- : options[multiple] => false
I, [2009-06-01T19:19:05.528619 #10930]  INFO -- : options[ARGV] => 
I, [2009-06-01T19:19:05.528729 #10930]  INFO -- : options[backtrace] => true
I, [2009-06-01T19:19:05.528839 #10930]  INFO -- : options[ontop] => false
I, [2009-06-01T19:19:05.528948 #10930]  INFO -- : options[monitor] => false
I, [2009-06-01T19:19:05.529057 #10930]  INFO -- : options[app_name] => listener_daemon_1
I, [2009-06-01T19:19:05.529167 #10930]  INFO -- : options[log_output] => false
I, [2009-06-01T19:19:05.529278 #10930]  INFO -- : options[mode] => load
I, [2009-06-01T19:19:05.529389 #10930]  INFO -- : options[dir_mode] => normal
I, [2009-06-01T19:19:05.529498 #10930]  INFO -- : Launching /home/kenb/development/fulfill/app/models/listener_daemon.rb...
I, [2009-06-01T19:19:08.875637 #10933]  INFO -- : Starting the control daemon...
I, [2009-06-01T19:19:08.875966 #10933]  INFO -- : Value of ARGV[0] => start
I, [2009-06-01T19:19:08.876089 #10933]  INFO -- : Value of ARGV[1] => listener_daemon_1
I, [2009-06-01T19:19:08.876200 #10933]  INFO -- : Value of ARGV[2] => /home/kenb/development/fulfill
I, [2009-06-01T19:19:08.876309 #10933]  INFO -- : Value of ARGV[3] => --
I, [2009-06-01T19:19:08.876415 #10933]  INFO -- : Value of ARGV[4] => /home/kenb/development/fulfill
I, [2009-06-01T19:19:08.876524 #10933]  INFO -- : Value of ARGV[5] => listener_daemon_1
I, [2009-06-01T19:19:08.876631 #10933]  INFO -- : Value of ARGV[6] => broker-url
I, [2009-06-01T19:19:08.876739 #10933]  INFO -- : Value of ARGV[7] => listener_daemon_1
I, [2009-06-01T19:19:08.876845 #10933]  INFO -- : Value of ARGV[8] => big_deal
I, [2009-06-01T19:19:08.876951 #10933]  INFO -- : Value of ARGV[9] => http://localhost:3000/listeners/update
I, [2009-06-01T19:19:08.877086 #10933]  INFO -- : options[keep_pid_files] => true
I, [2009-06-01T19:19:08.877198 #10933]  INFO -- : options[dir] => /home/kenb/development/fulfill/tmp/pids
I, [2009-06-01T19:19:08.877310 #10933]  INFO -- : options[hard_exit] => true
I, [2009-06-01T19:19:08.877423 #10933]  INFO -- : options[multiple] => false
I, [2009-06-01T19:19:08.877535 #10933]  INFO -- : options[ARGV] => 
I, [2009-06-01T19:19:08.877647 #10933]  INFO -- : options[backtrace] => true
I, [2009-06-01T19:19:08.877759 #10933]  INFO -- : options[ontop] => false
I, [2009-06-01T19:19:08.877871 #10933]  INFO -- : options[monitor] => false
I, [2009-06-01T19:19:08.878014 #10933]  INFO -- : options[app_name] => listener_daemon_1
I, [2009-06-01T19:19:08.878126 #10933]  INFO -- : options[log_output] => false
I, [2009-06-01T19:19:08.878238 #10933]  INFO -- : options[mode] => load
I, [2009-06-01T19:19:08.878349 #10933]  INFO -- : options[dir_mode] => normal
I, [2009-06-01T19:19:08.878457 #10933]  INFO -- : Launching /home/kenb/development/fulfill/app/models/listener_daemon.rb...
I, [2009-06-01T19:19:36.208282 #10938]  INFO -- : Starting the control daemon...
I, [2009-06-01T19:19:36.208714 #10938]  INFO -- : Value of ARGV[0] => start
I, [2009-06-01T19:19:36.208846 #10938]  INFO -- : Value of ARGV[1] => listener_daemon_2
I, [2009-06-01T19:19:36.208961 #10938]  INFO -- : Value of ARGV[2] => /home/kenb/development/fulfill
I, [2009-06-01T19:19:36.209073 #10938]  INFO -- : Value of ARGV[3] => --
I, [2009-06-01T19:19:36.209182 #10938]  INFO -- : Value of ARGV[4] => /home/kenb/development/fulfill
I, [2009-06-01T19:19:36.209293 #10938]  INFO -- : Value of ARGV[5] => listener_daemon_2
I, [2009-06-01T19:19:36.209402 #10938]  INFO -- : Value of ARGV[6] => abc
I, [2009-06-01T19:19:36.209512 #10938]  INFO -- : Value of ARGV[7] => listener_daemon_2
I, [2009-06-01T19:19:36.209621 #10938]  INFO -- : Value of ARGV[8] => big_deal
I, [2009-06-01T19:19:36.209731 #10938]  INFO -- : Value of ARGV[9] => def
I, [2009-06-01T19:19:36.209868 #10938]  INFO -- : options[keep_pid_files] => true
I, [2009-06-01T19:19:36.210138 #10938]  INFO -- : options[dir] => /home/kenb/development/fulfill/tmp/pids
I, [2009-06-01T19:19:36.210256 #10938]  INFO -- : options[hard_exit] => true
I, [2009-06-01T19:19:36.210371 #10938]  INFO -- : options[multiple] => false
I, [2009-06-01T19:19:36.210484 #10938]  INFO -- : options[ARGV] => 
I, [2009-06-01T19:19:36.210599 #10938]  INFO -- : options[backtrace] => true
I, [2009-06-01T19:19:36.210712 #10938]  INFO -- : options[ontop] => false
I, [2009-06-01T19:19:36.210826 #10938]  INFO -- : options[monitor] => false
I, [2009-06-01T19:19:36.210939 #10938]  INFO -- : options[app_name] => listener_daemon_2
I, [2009-06-01T19:19:36.211054 #10938]  INFO -- : options[log_output] => false
I, [2009-06-01T19:19:36.211169 #10938]  INFO -- : options[mode] => load
I, [2009-06-01T19:19:36.211283 #10938]  INFO -- : options[dir_mode] => normal
I, [2009-06-01T19:19:36.211396 #10938]  INFO -- : Launching /home/kenb/development/fulfill/app/models/listener_daemon.rb...
I, [2009-06-01T19:19:41.744155 #10943]  INFO -- : Starting the control daemon...
I, [2009-06-01T19:19:41.744509 #10943]  INFO -- : Value of ARGV[0] => stop
I, [2009-06-01T19:19:41.744632 #10943]  INFO -- : Value of ARGV[1] => listener_daemon_2
I, [2009-06-01T19:19:41.744746 #10943]  INFO -- : Value of ARGV[2] => /home/kenb/development/fulfill
I, [2009-06-01T19:19:41.744857 #10943]  INFO -- : Value of ARGV[3] => --
I, [2009-06-01T19:19:41.744974 #10943]  INFO -- : Value of ARGV[4] => /home/kenb/development/fulfill
I, [2009-06-01T19:19:41.745086 #10943]  INFO -- : Value of ARGV[5] => listener_daemon_2
I, [2009-06-01T19:19:41.745195 #10943]  INFO -- : Value of ARGV[6] => abc
I, [2009-06-01T19:19:41.745306 #10943]  INFO -- : Value of ARGV[7] => listener_daemon_2
I, [2009-06-01T19:19:41.745414 #10943]  INFO -- : Value of ARGV[8] => big_deal
I, [2009-06-01T19:19:41.745522 #10943]  INFO -- : Value of ARGV[9] => def
I, [2009-06-01T19:19:41.745657 #10943]  INFO -- : options[keep_pid_files] => true
I, [2009-06-01T19:19:41.745770 #10943]  INFO -- : options[dir] => /home/kenb/development/fulfill/tmp/pids
I, [2009-06-01T19:19:41.745883 #10943]  INFO -- : options[hard_exit] => true
I, [2009-06-01T19:19:41.746038 #10943]  INFO -- : options[multiple] => false
I, [2009-06-01T19:19:41.746150 #10943]  INFO -- : options[ARGV] => 
I, [2009-06-01T19:19:41.746263 #10943]  INFO -- : options[backtrace] => true
I, [2009-06-01T19:19:41.746376 #10943]  INFO -- : options[ontop] => false
I, [2009-06-01T19:19:41.746489 #10943]  INFO -- : options[monitor] => false
I, [2009-06-01T19:19:41.746601 #10943]  INFO -- : options[app_name] => listener_daemon_2
I, [2009-06-01T19:19:41.746716 #10943]  INFO -- : options[log_output] => false
I, [2009-06-01T19:19:41.746903 #10943]  INFO -- : options[mode] => load
I, [2009-06-01T19:19:41.747020 #10943]  INFO -- : options[dir_mode] => normal
I, [2009-06-01T19:19:41.747130 #10943]  INFO -- : Launching /home/kenb/development/fulfill/app/models/listener_daemon.rb...
I, [2009-06-01T19:19:45.055481 #10945]  INFO -- : Starting the control daemon...
I, [2009-06-01T19:19:45.055790 #10945]  INFO -- : Value of ARGV[0] => stop
I, [2009-06-01T19:19:45.055910 #10945]  INFO -- : Value of ARGV[1] => listener_daemon_1
I, [2009-06-01T19:19:45.056031 #10945]  INFO -- : Value of ARGV[2] => /home/kenb/development/fulfill
I, [2009-06-01T19:19:45.056142 #10945]  INFO -- : Value of ARGV[3] => --
I, [2009-06-01T19:19:45.056250 #10945]  INFO -- : Value of ARGV[4] => /home/kenb/development/fulfill
I, [2009-06-01T19:19:45.056361 #10945]  INFO -- : Value of ARGV[5] => listener_daemon_1
I, [2009-06-01T19:19:45.056469 #10945]  INFO -- : Value of ARGV[6] => broker-url
I, [2009-06-01T19:19:45.056578 #10945]  INFO -- : Value of ARGV[7] => listener_daemon_1
I, [2009-06-01T19:19:45.056685 #10945]  INFO -- : Value of ARGV[8] => big_deal
I, [2009-06-01T19:19:45.056794 #10945]  INFO -- : Value of ARGV[9] => http://localhost:3000/listeners/update
I, [2009-06-01T19:19:45.056929 #10945]  INFO -- : options[keep_pid_files] => true
I, [2009-06-01T19:19:45.057041 #10945]  INFO -- : options[dir] => /home/kenb/development/fulfill/tmp/pids
I, [2009-06-01T19:19:45.057152 #10945]  INFO -- : options[hard_exit] => true
I, [2009-06-01T19:19:45.057266 #10945]  INFO -- : options[multiple] => false
I, [2009-06-01T19:19:45.057377 #10945]  INFO -- : options[ARGV] => 
I, [2009-06-01T19:19:45.057490 #10945]  INFO -- : options[backtrace] => true
I, [2009-06-01T19:19:45.057603 #10945]  INFO -- : options[ontop] => false
I, [2009-06-01T19:19:45.057716 #10945]  INFO -- : options[monitor] => false
I, [2009-06-01T19:19:45.057828 #10945]  INFO -- : options[app_name] => listener_daemon_1
I, [2009-06-01T19:19:45.057968 #10945]  INFO -- : options[log_output] => false
I, [2009-06-01T19:19:45.058081 #10945]  INFO -- : options[mode] => load
I, [2009-06-01T19:19:45.058194 #10945]  INFO -- : options[dir_mode] => normal
I, [2009-06-01T19:19:45.058304 #10945]  INFO -- : Launching /home/kenb/development/fulfill/app/models/listener_daemon.rb...
I, [2009-06-01T19:19:47.632965 #10947]  INFO -- : Starting the control daemon...
I, [2009-06-01T19:19:47.633274 #10947]  INFO -- : Value of ARGV[0] => start
I, [2009-06-01T19:19:47.633444 #10947]  INFO -- : Value of ARGV[1] => listener_daemon_2
I, [2009-06-01T19:19:47.633559 #10947]  INFO -- : Value of ARGV[2] => /home/kenb/development/fulfill
I, [2009-06-01T19:19:47.633668 #10947]  INFO -- : Value of ARGV[3] => --
I, [2009-06-01T19:19:47.633779 #10947]  INFO -- : Value of ARGV[4] => /home/kenb/development/fulfill
I, [2009-06-01T19:19:47.633890 #10947]  INFO -- : Value of ARGV[5] => listener_daemon_2
I, [2009-06-01T19:19:47.633998 #10947]  INFO -- : Value of ARGV[6] => abc
I, [2009-06-01T19:19:47.634108 #10947]  INFO -- : Value of ARGV[7] => listener_daemon_2
I, [2009-06-01T19:19:47.634217 #10947]  INFO -- : Value of ARGV[8] => big_deal
I, [2009-06-01T19:19:47.634324 #10947]  INFO -- : Value of ARGV[9] => def
I, [2009-06-01T19:19:47.634460 #10947]  INFO -- : options[keep_pid_files] => true
I, [2009-06-01T19:19:47.634574 #10947]  INFO -- : options[dir] => /home/kenb/development/fulfill/tmp/pids
I, [2009-06-01T19:19:47.634686 #10947]  INFO -- : options[hard_exit] => true
I, [2009-06-01T19:19:47.634799 #10947]  INFO -- : options[multiple] => false
I, [2009-06-01T19:19:47.634911 #10947]  INFO -- : options[ARGV] => 
I, [2009-06-01T19:19:47.635025 #10947]  INFO -- : options[backtrace] => true
I, [2009-06-01T19:19:47.635139 #10947]  INFO -- : options[ontop] => false
I, [2009-06-01T19:19:47.635255 #10947]  INFO -- : options[monitor] => false
I, [2009-06-01T19:19:47.635368 #10947]  INFO -- : options[app_name] => listener_daemon_2
I, [2009-06-01T19:19:47.635480 #10947]  INFO -- : options[log_output] => false
I, [2009-06-01T19:19:47.635594 #10947]  INFO -- : options[mode] => load
I, [2009-06-01T19:19:47.635707 #10947]  INFO -- : options[dir_mode] => normal
I, [2009-06-01T19:19:47.635818 #10947]  INFO -- : Launching /home/kenb/development/fulfill/app/models/listener_daemon.rb...
I, [2009-06-01T19:19:50.901557 #10951]  INFO -- : Starting the control daemon...
I, [2009-06-01T19:19:50.902209 #10951]  INFO -- : Value of ARGV[0] => start
I, [2009-06-01T19:19:50.902422 #10951]  INFO -- : Value of ARGV[1] => listener_daemon_1
I, [2009-06-01T19:19:50.902544 #10951]  INFO -- : Value of ARGV[2] => /home/kenb/development/fulfill
I, [2009-06-01T19:19:50.902651 #10951]  INFO -- : Value of ARGV[3] => --
I, [2009-06-01T19:19:50.902756 #10951]  INFO -- : Value of ARGV[4] => /home/kenb/development/fulfill
I, [2009-06-01T19:19:50.902863 #10951]  INFO -- : Value of ARGV[5] => listener_daemon_1
I, [2009-06-01T19:19:50.902968 #10951]  INFO -- : Value of ARGV[6] => broker-url
I, [2009-06-01T19:19:50.903075 #10951]  INFO -- : Value of ARGV[7] => listener_daemon_1
I, [2009-06-01T19:19:50.903182 #10951]  INFO -- : Value of ARGV[8] => big_deal
I, [2009-06-01T19:19:50.903289 #10951]  INFO -- : Value of ARGV[9] => http://localhost:3000/listeners/update
I, [2009-06-01T19:19:50.903424 #10951]  INFO -- : options[keep_pid_files] => true
I, [2009-06-01T19:19:50.903537 #10951]  INFO -- : options[dir] => /home/kenb/development/fulfill/tmp/pids
I, [2009-06-01T19:19:50.903650 #10951]  INFO -- : options[hard_exit] => true
I, [2009-06-01T19:19:50.903763 #10951]  INFO -- : options[multiple] => false
I, [2009-06-01T19:19:50.903876 #10951]  INFO -- : options[ARGV] => 
I, [2009-06-01T19:19:50.903990 #10951]  INFO -- : options[backtrace] => true
I, [2009-06-01T19:19:50.904106 #10951]  INFO -- : options[ontop] => false
I, [2009-06-01T19:19:50.904220 #10951]  INFO -- : options[monitor] => false
I, [2009-06-01T19:19:50.904332 #10951]  INFO -- : options[app_name] => listener_daemon_1
I, [2009-06-01T19:19:50.904447 #10951]  INFO -- : options[log_output] => false
I, [2009-06-01T19:19:50.904564 #10951]  INFO -- : options[mode] => load
I, [2009-06-01T19:19:50.904680 #10951]  INFO -- : options[dir_mode] => normal
I, [2009-06-01T19:19:50.904793 #10951]  INFO -- : Launching /home/kenb/development/fulfill/app/models/listener_daemon.rb...
I, [2009-06-01T19:22:35.509814 #11283]  INFO -- : Starting the control daemon...
I, [2009-06-01T19:22:35.510291 #11283]  INFO -- : Value of ARGV[0] => start
I, [2009-06-01T19:22:35.510477 #11283]  INFO -- : Value of ARGV[1] => listener_daemon_2
I, [2009-06-01T19:22:35.510593 #11283]  INFO -- : Value of ARGV[2] => /home/kenb/development/fulfill
I, [2009-06-01T19:22:35.510704 #11283]  INFO -- : Value of ARGV[3] => --
I, [2009-06-01T19:22:35.510815 #11283]  INFO -- : Value of ARGV[4] => /home/kenb/development/fulfill
I, [2009-06-01T19:22:35.510926 #11283]  INFO -- : Value of ARGV[5] => listener_daemon_2
I, [2009-06-01T19:22:35.511038 #11283]  INFO -- : Value of ARGV[6] => abc
I, [2009-06-01T19:22:35.511149 #11283]  INFO -- : Value of ARGV[7] => listener_daemon_2
I, [2009-06-01T19:22:35.511258 #11283]  INFO -- : Value of ARGV[8] => big_deal
I, [2009-06-01T19:22:35.511368 #11283]  INFO -- : Value of ARGV[9] => def
I, [2009-06-01T19:22:35.511508 #11283]  INFO -- : options[keep_pid_files] => true
I, [2009-06-01T19:22:35.511622 #11283]  INFO -- : options[dir] => /home/kenb/development/fulfill/tmp/pids
I, [2009-06-01T19:22:35.511736 #11283]  INFO -- : options[hard_exit] => true
I, [2009-06-01T19:22:35.511852 #11283]  INFO -- : options[multiple] => false
I, [2009-06-01T19:22:35.511965 #11283]  INFO -- : options[ARGV] => 
I, [2009-06-01T19:22:35.512079 #11283]  INFO -- : options[backtrace] => true
I, [2009-06-01T19:22:35.512193 #11283]  INFO -- : options[ontop] => false
I, [2009-06-01T19:22:35.512307 #11283]  INFO -- : options[monitor] => false
I, [2009-06-01T19:22:35.512420 #11283]  INFO -- : options[app_name] => listener_daemon_2
I, [2009-06-01T19:22:35.512534 #11283]  INFO -- : options[log_output] => false
I, [2009-06-01T19:22:35.512648 #11283]  INFO -- : options[mode] => load
I, [2009-06-01T19:22:35.512763 #11283]  INFO -- : options[dir_mode] => normal
I, [2009-06-01T19:22:35.512875 #11283]  INFO -- : Launching /home/kenb/development/fulfill/app/models/listener_daemon.rb...
I, [2009-06-01T19:22:38.135047 #11289]  INFO -- : Starting the control daemon...
I, [2009-06-01T19:22:38.135494 #11289]  INFO -- : Value of ARGV[0] => start
I, [2009-06-01T19:22:38.135621 #11289]  INFO -- : Value of ARGV[1] => listener_daemon_1
I, [2009-06-01T19:22:38.135735 #11289]  INFO -- : Value of ARGV[2] => /home/kenb/development/fulfill
I, [2009-06-01T19:22:38.135846 #11289]  INFO -- : Value of ARGV[3] => --
I, [2009-06-01T19:22:38.136052 #11289]  INFO -- : Value of ARGV[4] => /home/kenb/development/fulfill
I, [2009-06-01T19:22:38.136166 #11289]  INFO -- : Value of ARGV[5] => listener_daemon_1
I, [2009-06-01T19:22:38.136275 #11289]  INFO -- : Value of ARGV[6] => broker-url
I, [2009-06-01T19:22:38.136384 #11289]  INFO -- : Value of ARGV[7] => listener_daemon_1
I, [2009-06-01T19:22:38.136494 #11289]  INFO -- : Value of ARGV[8] => big_deal
I, [2009-06-01T19:22:38.136604 #11289]  INFO -- : Value of ARGV[9] => http://localhost:3000/listeners/update
I, [2009-06-01T19:22:38.136742 #11289]  INFO -- : options[keep_pid_files] => true
I, [2009-06-01T19:22:38.136855 #11289]  INFO -- : options[dir] => /home/kenb/development/fulfill/tmp/pids
I, [2009-06-01T19:22:38.136968 #11289]  INFO -- : options[hard_exit] => true
I, [2009-06-01T19:22:38.137082 #11289]  INFO -- : options[multiple] => false
I, [2009-06-01T19:22:38.137195 #11289]  INFO -- : options[ARGV] => 
I, [2009-06-01T19:22:38.137308 #11289]  INFO -- : options[backtrace] => true
I, [2009-06-01T19:22:38.137422 #11289]  INFO -- : options[ontop] => false
I, [2009-06-01T19:22:38.137537 #11289]  INFO -- : options[monitor] => false
I, [2009-06-01T19:22:38.137650 #11289]  INFO -- : options[app_name] => listener_daemon_1
I, [2009-06-01T19:22:38.137762 #11289]  INFO -- : options[log_output] => false
I, [2009-06-01T19:22:38.137877 #11289]  INFO -- : options[mode] => load
I, [2009-06-01T19:22:38.138021 #11289]  INFO -- : options[dir_mode] => normal
I, [2009-06-01T19:22:38.138134 #11289]  INFO -- : Launching /home/kenb/development/fulfill/app/models/listener_daemon.rb...
I, [2009-06-01T19:22:41.262616 #11293]  INFO -- : Starting the control daemon...
I, [2009-06-01T19:22:41.263060 #11293]  INFO -- : Value of ARGV[0] => stop
I, [2009-06-01T19:22:41.263187 #11293]  INFO -- : Value of ARGV[1] => listener_daemon_2
I, [2009-06-01T19:22:41.263342 #11293]  INFO -- : Value of ARGV[2] => /home/kenb/development/fulfill
I, [2009-06-01T19:22:41.263453 #11293]  INFO -- : Value of ARGV[3] => --
I, [2009-06-01T19:22:41.263564 #11293]  INFO -- : Value of ARGV[4] => /home/kenb/development/fulfill
I, [2009-06-01T19:22:41.263673 #11293]  INFO -- : Value of ARGV[5] => listener_daemon_2
I, [2009-06-01T19:22:41.263783 #11293]  INFO -- : Value of ARGV[6] => abc
I, [2009-06-01T19:22:41.263892 #11293]  INFO -- : Value of ARGV[7] => listener_daemon_2
I, [2009-06-01T19:22:41.264000 #11293]  INFO -- : Value of ARGV[8] => big_deal
I, [2009-06-01T19:22:41.264107 #11293]  INFO -- : Value of ARGV[9] => def
I, [2009-06-01T19:22:41.264243 #11293]  INFO -- : options[keep_pid_files] => true
I, [2009-06-01T19:22:41.264354 #11293]  INFO -- : options[dir] => /home/kenb/development/fulfill/tmp/pids
I, [2009-06-01T19:22:41.264465 #11293]  INFO -- : options[hard_exit] => true
I, [2009-06-01T19:22:41.264578 #11293]  INFO -- : options[multiple] => false
I, [2009-06-01T19:22:41.264691 #11293]  INFO -- : options[ARGV] => 
I, [2009-06-01T19:22:41.264806 #11293]  INFO -- : options[backtrace] => true
I, [2009-06-01T19:22:41.264951 #11293]  INFO -- : options[ontop] => false
I, [2009-06-01T19:22:41.265166 #11293]  INFO -- : options[monitor] => false
I, [2009-06-01T19:22:41.265277 #11293]  INFO -- : options[app_name] => listener_daemon_2
I, [2009-06-01T19:22:41.265388 #11293]  INFO -- : options[log_output] => false
I, [2009-06-01T19:22:41.265501 #11293]  INFO -- : options[mode] => load
I, [2009-06-01T19:22:41.265614 #11293]  INFO -- : options[dir_mode] => normal
I, [2009-06-01T19:22:41.265723 #11293]  INFO -- : Launching /home/kenb/development/fulfill/app/models/listener_daemon.rb...
I, [2009-06-01T19:22:43.825255 #11295]  INFO -- : Starting the control daemon...
I, [2009-06-01T19:22:43.825824 #11295]  INFO -- : Value of ARGV[0] => stop
I, [2009-06-01T19:22:43.825994 #11295]  INFO -- : Value of ARGV[1] => listener_daemon_1
I, [2009-06-01T19:22:43.826106 #11295]  INFO -- : Value of ARGV[2] => /home/kenb/development/fulfill
I, [2009-06-01T19:22:43.826213 #11295]  INFO -- : Value of ARGV[3] => --
I, [2009-06-01T19:22:43.826320 #11295]  INFO -- : Value of ARGV[4] => /home/kenb/development/fulfill
I, [2009-06-01T19:22:43.826432 #11295]  INFO -- : Value of ARGV[5] => listener_daemon_1
I, [2009-06-01T19:22:43.826537 #11295]  INFO -- : Value of ARGV[6] => broker-url
I, [2009-06-01T19:22:43.826643 #11295]  INFO -- : Value of ARGV[7] => listener_daemon_1
I, [2009-06-01T19:22:43.826748 #11295]  INFO -- : Value of ARGV[8] => big_deal
I, [2009-06-01T19:22:43.826888 #11295]  INFO -- : Value of ARGV[9] => http://localhost:3000/listeners/update
I, [2009-06-01T19:22:43.827028 #11295]  INFO -- : options[keep_pid_files] => true
I, [2009-06-01T19:22:43.827139 #11295]  INFO -- : options[dir] => /home/kenb/development/fulfill/tmp/pids
I, [2009-06-01T19:22:43.827250 #11295]  INFO -- : options[hard_exit] => true
I, [2009-06-01T19:22:43.827466 #11295]  INFO -- : options[multiple] => false
I, [2009-06-01T19:22:43.827578 #11295]  INFO -- : options[ARGV] => 
I, [2009-06-01T19:22:43.827690 #11295]  INFO -- : options[backtrace] => true
I, [2009-06-01T19:22:43.827802 #11295]  INFO -- : options[ontop] => false
I, [2009-06-01T19:22:43.827915 #11295]  INFO -- : options[monitor] => false
I, [2009-06-01T19:22:43.828027 #11295]  INFO -- : options[app_name] => listener_daemon_1
I, [2009-06-01T19:22:43.828139 #11295]  INFO -- : options[log_output] => false
I, [2009-06-01T19:22:43.828252 #11295]  INFO -- : options[mode] => load
I, [2009-06-01T19:22:43.828365 #11295]  INFO -- : options[dir_mode] => normal
I, [2009-06-01T19:22:43.828475 #11295]  INFO -- : Launching /home/kenb/development/fulfill/app/models/listener_daemon.rb...
